# JRE version: Java(TM) SE Runtime Environment (8.0_261-b12) (build 1.8.0_261-b12)
# Java VM: Java HotSpot(TM) 64-Bit Server VM (25.261-b12 mixed mode windows-amd64 compressed oops)
Heap:
 PSYoungGen      total 38400K, used 9822K [0x00000000d5f00000, 0x00000000d8980000, 0x0000000100000000)
  eden space 33280K, 14% used [0x00000000d5f00000,0x00000000d639ead0,0x00000000d7f80000)
  from space 5120K, 99% used [0x00000000d8480000,0x00000000d8978f78,0x00000000d8980000)
  to   space 5120K, 0% used [0x00000000d7f80000,0x00000000d7f80000,0x00000000d8480000)
 ParOldGen       total 86528K, used 29095K [0x0000000081c00000, 0x0000000087080000, 0x00000000d5f00000)
  object space 86528K, 33% used [0x0000000081c00000,0x0000000083869dc0,0x0000000087080000)
 Metaspace       used 23296K, capacity 24678K, committed 24960K, reserved 1071104K
  class space    used 3134K, capacity 3413K, committed 3456K, reserved 1048576K
GC Heap History (10 events):
Event: 0.929 GC heap before
{Heap before GC invocations=1 (full 0):
 PSYoungGen      total 38400K, used 24779K [0x00000000d5f00000, 0x00000000d8980000, 0x0000000100000000)
  eden space 33280K, 74% used [0x00000000d5f00000,0x00000000d7732d30,0x00000000d7f80000)
  from space 5120K, 0% used [0x00000000d8480000,0x00000000d8480000,0x00000000d8980000)
  to   space 5120K, 0% used [0x00000000d7f80000,0x00000000d7f80000,0x00000000d8480000)
 ParOldGen       total 87552K, used 0K [0x0000000081c00000, 0x0000000087180000, 0x00000000d5f00000)
  object space 87552K, 0% used [0x0000000081c00000,0x0000000081c00000,0x0000000087180000)
 Metaspace       used 11549K, capacity 11936K, committed 12160K, reserved 1060864K
  class space    used 1513K, capacity 1614K, committed 1664K, reserved 1048576K
Event: 0.937 GC heap after
Heap after GC invocations=1 (full 0):
 PSYoungGen      total 38400K, used 5044K [0x00000000d5f00000, 0x00000000d8980000, 0x0000000100000000)
  eden space 33280K, 0% used [0x00000000d5f00000,0x00000000d5f00000,0x00000000d7f80000)
  from space 5120K, 98% used [0x00000000d7f80000,0x00000000d846d130,0x00000000d8480000)
  to   space 5120K, 0% used [0x00000000d8480000,0x00000000d8480000,0x00000000d8980000)
 ParOldGen       total 87552K, used 80K [0x0000000081c00000, 0x0000000087180000, 0x00000000d5f00000)
  object space 87552K, 0% used [0x0000000081c00000,0x0000000081c14010,0x0000000087180000)
 Metaspace       used 11549K, capacity 11936K, committed 12160K, reserved 1060864K
  class space    used 1513K, capacity 1614K, committed 1664K, reserved 1048576K
}
Event: 9.910 GC heap before
{Heap before GC invocations=2 (full 0):
 PSYoungGen      total 38400K, used 38324K [0x00000000d5f00000, 0x00000000d8980000, 0x0000000100000000)
  eden space 33280K, 100% used [0x00000000d5f00000,0x00000000d7f80000,0x00000000d7f80000)
  from space 5120K, 98% used [0x00000000d7f80000,0x00000000d846d130,0x00000000d8480000)
  to   space 5120K, 0% used [0x00000000d8480000,0x00000000d8480000,0x00000000d8980000)
 ParOldGen       total 87552K, used 80K [0x0000000081c00000, 0x0000000087180000, 0x00000000d5f00000)
  object space 87552K, 0% used [0x0000000081c00000,0x0000000081c14010,0x0000000087180000)
 Metaspace       used 17308K, capacity 18080K, committed 18432K, reserved 1064960K
  class space    used 2497K, capacity 2718K, committed 2816K, reserved 1048576K
Event: 9.922 GC heap after
Heap after GC invocations=2 (full 0):
 PSYoungGen      total 38400K, used 5114K [0x00000000d5f00000, 0x00000000d8980000, 0x0000000100000000)
  eden space 33280K, 0% used [0x00000000d5f00000,0x00000000d5f00000,0x00000000d7f80000)
  from space 5120K, 99% used [0x00000000d8480000,0x00000000d897e850,0x00000000d8980000)
  to   space 5120K, 0% used [0x00000000d7f80000,0x00000000d7f80000,0x00000000d8480000)
 ParOldGen       total 87552K, used 19155K [0x0000000081c00000, 0x0000000087180000, 0x00000000d5f00000)
  object space 87552K, 21% used [0x0000000081c00000,0x0000000082eb4e10,0x0000000087180000)
 Metaspace       used 17308K, capacity 18080K, committed 18432K, reserved 1064960K
  class space    used 2497K, capacity 2718K, committed 2816K, reserved 1048576K
}
Event: 10.216 GC heap before
{Heap before GC invocations=3 (full 0):
 PSYoungGen      total 38400K, used 13414K [0x00000000d5f00000, 0x00000000d8980000, 0x0000000100000000)
  eden space 33280K, 24% used [0x00000000d5f00000,0x00000000d671b058,0x00000000d7f80000)
  from space 5120K, 99% used [0x00000000d8480000,0x00000000d897e850,0x00000000d8980000)
  to   space 5120K, 0% used [0x00000000d7f80000,0x00000000d7f80000,0x00000000d8480000)
 ParOldGen       total 87552K, used 19155K [0x0000000081c00000, 0x0000000087180000, 0x00000000d5f00000)
  object space 87552K, 21% used [0x0000000081c00000,0x0000000082eb4e10,0x0000000087180000)
 Metaspace       used 20311K, capacity 21170K, committed 21248K, reserved 1067008K
  class space    used 2826K, capacity 3037K, committed 3072K, reserved 1048576K
Event: 10.221 GC heap after
Heap after GC invocations=3 (full 0):
 PSYoungGen      total 38400K, used 5120K [0x00000000d5f00000, 0x00000000d8980000, 0x0000000100000000)
  eden space 33280K, 0% used [0x00000000d5f00000,0x00000000d5f00000,0x00000000d7f80000)
  from space 5120K, 100% used [0x00000000d7f80000,0x00000000d8480000,0x00000000d8480000)
  to   space 5120K, 0% used [0x00000000d8480000,0x00000000d8480000,0x00000000d8980000)
 ParOldGen       total 87552K, used 20922K [0x0000000081c00000, 0x0000000087180000, 0x00000000d5f00000)
  object space 87552K, 23% used [0x0000000081c00000,0x000000008306e9a8,0x0000000087180000)
 Metaspace       used 20311K, capacity 21170K, committed 21248K, reserved 1067008K
  class space    used 2826K, capacity 3037K, committed 3072K, reserved 1048576K
}
Event: 10.221 GC heap before
{Heap before GC invocations=4 (full 1):
 PSYoungGen      total 38400K, used 5120K [0x00000000d5f00000, 0x00000000d8980000, 0x0000000100000000)
  eden space 33280K, 0% used [0x00000000d5f00000,0x00000000d5f00000,0x00000000d7f80000)
  from space 5120K, 100% used [0x00000000d7f80000,0x00000000d8480000,0x00000000d8480000)
  to   space 5120K, 0% used [0x00000000d8480000,0x00000000d8480000,0x00000000d8980000)
 ParOldGen       total 87552K, used 20922K [0x0000000081c00000, 0x0000000087180000, 0x00000000d5f00000)
  object space 87552K, 23% used [0x0000000081c00000,0x000000008306e9a8,0x0000000087180000)
 Metaspace       used 20311K, capacity 21170K, committed 21248K, reserved 1067008K
  class space    used 2826K, capacity 3037K, committed 3072K, reserved 1048576K
Event: 10.247 GC heap after
Heap after GC invocations=4 (full 1):
 PSYoungGen      total 38400K, used 0K [0x00000000d5f00000, 0x00000000d8980000, 0x0000000100000000)
  eden space 33280K, 0% used [0x00000000d5f00000,0x00000000d5f00000,0x00000000d7f80000)
  from space 5120K, 0% used [0x00000000d7f80000,0x00000000d7f80000,0x00000000d8480000)
  to   space 5120K, 0% used [0x00000000d8480000,0x00000000d8480000,0x00000000d8980000)
 ParOldGen       total 86528K, used 23693K [0x0000000081c00000, 0x0000000087080000, 0x00000000d5f00000)
  object space 86528K, 27% used [0x0000000081c00000,0x00000000833234a0,0x0000000087080000)
 Metaspace       used 20311K, capacity 21170K, committed 21248K, reserved 1067008K
  class space    used 2826K, capacity 3037K, committed 3072K, reserved 1048576K
}
Event: 38.110 GC heap before
{Heap before GC invocations=5 (full 1):
 PSYoungGen      total 38400K, used 33280K [0x00000000d5f00000, 0x00000000d8980000, 0x0000000100000000)
  eden space 33280K, 100% used [0x00000000d5f00000,0x00000000d7f80000,0x00000000d7f80000)
  from space 5120K, 0% used [0x00000000d7f80000,0x00000000d7f80000,0x00000000d8480000)
  to   space 5120K, 0% used [0x00000000d8480000,0x00000000d8480000,0x00000000d8980000)
 ParOldGen       total 86528K, used 23693K [0x0000000081c00000, 0x0000000087080000, 0x00000000d5f00000)
  object space 86528K, 27% used [0x0000000081c00000,0x00000000833234a0,0x0000000087080000)
 Metaspace       used 22868K, capacity 24114K, committed 24448K, reserved 1071104K
  class space    used 3065K, capacity 3345K, committed 3456K, reserved 1048576K
Event: 38.119 GC heap after
Heap after GC invocations=5 (full 1):
 PSYoungGen      total 38400K, used 5091K [0x00000000d5f00000, 0x00000000d8980000, 0x0000000100000000)
  eden space 33280K, 0% used [0x00000000d5f00000,0x00000000d5f00000,0x00000000d7f80000)
  from space 5120K, 99% used [0x00000000d8480000,0x00000000d8978f78,0x00000000d8980000)
  to   space 5120K, 0% used [0x00000000d7f80000,0x00000000d7f80000,0x00000000d8480000)
 ParOldGen       total 86528K, used 29095K [0x0000000081c00000, 0x0000000087080000, 0x00000000d5f00000)
  object space 86528K, 33% used [0x0000000081c00000,0x0000000083869dc0,0x0000000087080000)
 Metaspace       used 22868K, capacity 24114K, committed 24448K, reserved 1071104K
  class space    used 3065K, capacity 3345K, committed 3456K, reserved 1048576K
}

