# JRE version: Java(TM) SE Runtime Environment (8.0_261-b12) (build 1.8.0_261-b12)
# Java VM: Java HotSpot(TM) 64-Bit Server VM (25.261-b12 mixed mode windows-amd64 compressed oops)
Heap:
 PSYoungGen      total 38400K, used 8509K [0x00000000d5f00000, 0x00000000d8980000, 0x0000000100000000)
  eden space 33280K, 10% used [0x00000000d5f00000,0x00000000d6255700,0x00000000d7f80000)
  from space 5120K, 99% used [0x00000000d7f80000,0x00000000d8479fe0,0x00000000d8480000)
  to   space 5120K, 0% used [0x00000000d8480000,0x00000000d8480000,0x00000000d8980000)
 ParOldGen       total 54784K, used 19185K [0x0000000081c00000, 0x0000000085180000, 0x00000000d5f00000)
  object space 54784K, 35% used [0x0000000081c00000,0x0000000082ebc490,0x0000000085180000)
 Metaspace       used 22826K, capacity 24112K, committed 24320K, reserved 1071104K
  class space    used 3045K, capacity 3322K, committed 3328K, reserved 1048576K
GC Heap History (8 events):
Event: 1.321 GC heap before
{Heap before GC invocations=1 (full 0):
 PSYoungGen      total 38400K, used 33280K [0x00000000d5f00000, 0x00000000d8980000, 0x0000000100000000)
  eden space 33280K, 100% used [0x00000000d5f00000,0x00000000d7f80000,0x00000000d7f80000)
  from space 5120K, 0% used [0x00000000d8480000,0x00000000d8480000,0x00000000d8980000)
  to   space 5120K, 0% used [0x00000000d7f80000,0x00000000d7f80000,0x00000000d8480000)
 ParOldGen       total 87552K, used 0K [0x0000000081c00000, 0x0000000087180000, 0x00000000d5f00000)
  object space 87552K, 0% used [0x0000000081c00000,0x0000000081c00000,0x0000000087180000)
 Metaspace       used 15394K, capacity 16054K, committed 16384K, reserved 1062912K
  class space    used 2261K, capacity 2433K, committed 2560K, reserved 1048576K
Event: 1.327 GC heap after
Heap after GC invocations=1 (full 0):
 PSYoungGen      total 38400K, used 5066K [0x00000000d5f00000, 0x00000000d8980000, 0x0000000100000000)
  eden space 33280K, 0% used [0x00000000d5f00000,0x00000000d5f00000,0x00000000d7f80000)
  from space 5120K, 98% used [0x00000000d7f80000,0x00000000d8472940,0x00000000d8480000)
  to   space 5120K, 0% used [0x00000000d8480000,0x00000000d8480000,0x00000000d8980000)
 ParOldGen       total 87552K, used 80K [0x0000000081c00000, 0x0000000087180000, 0x00000000d5f00000)
  object space 87552K, 0% used [0x0000000081c00000,0x0000000081c14010,0x0000000087180000)
 Metaspace       used 15394K, capacity 16054K, committed 16384K, reserved 1062912K
  class space    used 2261K, capacity 2433K, committed 2560K, reserved 1048576K
}
Event: 19.013 GC heap before
{Heap before GC invocations=2 (full 0):
 PSYoungGen      total 38400K, used 23386K [0x00000000d5f00000, 0x00000000d8980000, 0x0000000100000000)
  eden space 33280K, 55% used [0x00000000d5f00000,0x00000000d70e40d0,0x00000000d7f80000)
  from space 5120K, 98% used [0x00000000d7f80000,0x00000000d8472940,0x00000000d8480000)
  to   space 5120K, 0% used [0x00000000d8480000,0x00000000d8480000,0x00000000d8980000)
 ParOldGen       total 87552K, used 80K [0x0000000081c00000, 0x0000000087180000, 0x00000000d5f00000)
  object space 87552K, 0% used [0x0000000081c00000,0x0000000081c14010,0x0000000087180000)
 Metaspace       used 20232K, capacity 21192K, committed 21248K, reserved 1067008K
  class space    used 2823K, capacity 3068K, committed 3072K, reserved 1048576K
Event: 19.023 GC heap after
Heap after GC invocations=2 (full 0):
 PSYoungGen      total 38400K, used 5095K [0x00000000d5f00000, 0x00000000d8980000, 0x0000000100000000)
  eden space 33280K, 0% used [0x00000000d5f00000,0x00000000d5f00000,0x00000000d7f80000)
  from space 5120K, 99% used [0x00000000d8480000,0x00000000d8979ef0,0x00000000d8980000)
  to   space 5120K, 0% used [0x00000000d7f80000,0x00000000d7f80000,0x00000000d8480000)
 ParOldGen       total 87552K, used 8216K [0x0000000081c00000, 0x0000000087180000, 0x00000000d5f00000)
  object space 87552K, 9% used [0x0000000081c00000,0x0000000082406210,0x0000000087180000)
 Metaspace       used 20232K, capacity 21192K, committed 21248K, reserved 1067008K
  class space    used 2823K, capacity 3068K, committed 3072K, reserved 1048576K
}
Event: 19.023 GC heap before
{Heap before GC invocations=3 (full 1):
 PSYoungGen      total 38400K, used 5095K [0x00000000d5f00000, 0x00000000d8980000, 0x0000000100000000)
  eden space 33280K, 0% used [0x00000000d5f00000,0x00000000d5f00000,0x00000000d7f80000)
  from space 5120K, 99% used [0x00000000d8480000,0x00000000d8979ef0,0x00000000d8980000)
  to   space 5120K, 0% used [0x00000000d7f80000,0x00000000d7f80000,0x00000000d8480000)
 ParOldGen       total 87552K, used 8216K [0x0000000081c00000, 0x0000000087180000, 0x00000000d5f00000)
  object space 87552K, 9% used [0x0000000081c00000,0x0000000082406210,0x0000000087180000)
 Metaspace       used 20232K, capacity 21192K, committed 21248K, reserved 1067008K
  class space    used 2823K, capacity 3068K, committed 3072K, reserved 1048576K
Event: 19.050 GC heap after
Heap after GC invocations=3 (full 1):
 PSYoungGen      total 38400K, used 0K [0x00000000d5f00000, 0x00000000d8980000, 0x0000000100000000)
  eden space 33280K, 0% used [0x00000000d5f00000,0x00000000d5f00000,0x00000000d7f80000)
  from space 5120K, 0% used [0x00000000d8480000,0x00000000d8480000,0x00000000d8980000)
  to   space 5120K, 0% used [0x00000000d7f80000,0x00000000d7f80000,0x00000000d8480000)
 ParOldGen       total 54784K, used 11207K [0x0000000081c00000, 0x0000000085180000, 0x00000000d5f00000)
  object space 54784K, 20% used [0x0000000081c00000,0x00000000826f1e08,0x0000000085180000)
 Metaspace       used 20232K, capacity 21192K, committed 21248K, reserved 1067008K
  class space    used 2823K, capacity 3068K, committed 3072K, reserved 1048576K
}
Event: 35.398 GC heap before
{Heap before GC invocations=4 (full 1):
 PSYoungGen      total 38400K, used 33280K [0x00000000d5f00000, 0x00000000d8980000, 0x0000000100000000)
  eden space 33280K, 100% used [0x00000000d5f00000,0x00000000d7f80000,0x00000000d7f80000)
  from space 5120K, 0% used [0x00000000d8480000,0x00000000d8480000,0x00000000d8980000)
  to   space 5120K, 0% used [0x00000000d7f80000,0x00000000d7f80000,0x00000000d8480000)
 ParOldGen       total 54784K, used 11207K [0x0000000081c00000, 0x0000000085180000, 0x00000000d5f00000)
  object space 54784K, 20% used [0x0000000081c00000,0x00000000826f1e08,0x0000000085180000)
 Metaspace       used 22602K, capacity 23848K, committed 24064K, reserved 1071104K
  class space    used 3038K, capacity 3310K, committed 3328K, reserved 1048576K
Event: 35.409 GC heap after
Heap after GC invocations=4 (full 1):
 PSYoungGen      total 38400K, used 5095K [0x00000000d5f00000, 0x00000000d8980000, 0x0000000100000000)
  eden space 33280K, 0% used [0x00000000d5f00000,0x00000000d5f00000,0x00000000d7f80000)
  from space 5120K, 99% used [0x00000000d7f80000,0x00000000d8479fe0,0x00000000d8480000)
  to   space 5120K, 0% used [0x00000000d8480000,0x00000000d8480000,0x00000000d8980000)
 ParOldGen       total 54784K, used 19185K [0x0000000081c00000, 0x0000000085180000, 0x00000000d5f00000)
  object space 54784K, 35% used [0x0000000081c00000,0x0000000082ebc490,0x0000000085180000)
 Metaspace       used 22602K, capacity 23848K, committed 24064K, reserved 1071104K
  class space    used 3038K, capacity 3310K, committed 3328K, reserved 1048576K
}

