# JRE version: Java(TM) SE Runtime Environment (8.0_261-b12) (build 1.8.0_261-b12)
# Java VM: Java HotSpot(TM) 64-Bit Server VM (25.261-b12 mixed mode windows-amd64 compressed oops)
Heap:
 PSYoungGen      total 38400K, used 26320K [0x00000000d5f00000, 0x00000000d9880000, 0x0000000100000000)
  eden space 33280K, 63% used [0x00000000d5f00000,0x00000000d73b8bd8,0x00000000d7f80000)
  from space 5120K, 99% used [0x00000000d7f80000,0x00000000d847b6f0,0x00000000d8480000)
  to   space 5120K, 0% used [0x00000000d8480000,0x00000000d8480000,0x00000000d8980000)
 ParOldGen       total 103424K, used 53101K [0x0000000081c00000, 0x0000000088100000, 0x00000000d5f00000)
  object space 103424K, 51% used [0x0000000081c00000,0x0000000084fdb6e8,0x0000000088100000)
 Metaspace       used 24307K, capacity 25872K, committed 26112K, reserved 1071104K
  class space    used 3252K, capacity 3552K, committed 3584K, reserved 1048576K
GC Heap History (10 events):
Event: 6.052 GC heap before
{Heap before GC invocations=2 (full 0):
 PSYoungGen      total 38400K, used 37402K [0x00000000d5f00000, 0x00000000d8980000, 0x0000000100000000)
  eden space 33280K, 97% used [0x00000000d5f00000,0x00000000d7e8c4f8,0x00000000d7f80000)
  from space 5120K, 99% used [0x00000000d7f80000,0x00000000d847a6c8,0x00000000d8480000)
  to   space 5120K, 0% used [0x00000000d8480000,0x00000000d8480000,0x00000000d8980000)
 ParOldGen       total 87552K, used 343K [0x0000000081c00000, 0x0000000087180000, 0x00000000d5f00000)
  object space 87552K, 0% used [0x0000000081c00000,0x0000000081c55fa0,0x0000000087180000)
 Metaspace       used 17026K, capacity 17746K, committed 17792K, reserved 1064960K
  class space    used 2477K, capacity 2681K, committed 2688K, reserved 1048576K
Event: 6.061 GC heap after
Heap after GC invocations=2 (full 0):
 PSYoungGen      total 38400K, used 5110K [0x00000000d5f00000, 0x00000000d8980000, 0x0000000100000000)
  eden space 33280K, 0% used [0x00000000d5f00000,0x00000000d5f00000,0x00000000d7f80000)
  from space 5120K, 99% used [0x00000000d8480000,0x00000000d897d828,0x00000000d8980000)
  to   space 5120K, 0% used [0x00000000d7f80000,0x00000000d7f80000,0x00000000d8480000)
 ParOldGen       total 87552K, used 17512K [0x0000000081c00000, 0x0000000087180000, 0x00000000d5f00000)
  object space 87552K, 20% used [0x0000000081c00000,0x0000000082d1a388,0x0000000087180000)
 Metaspace       used 17026K, capacity 17746K, committed 17792K, reserved 1064960K
  class space    used 2477K, capacity 2681K, committed 2688K, reserved 1048576K
}
Event: 6.487 GC heap before
{Heap before GC invocations=3 (full 0):
 PSYoungGen      total 38400K, used 24356K [0x00000000d5f00000, 0x00000000d8980000, 0x0000000100000000)
  eden space 33280K, 57% used [0x00000000d5f00000,0x00000000d71cb830,0x00000000d7f80000)
  from space 5120K, 99% used [0x00000000d8480000,0x00000000d897d828,0x00000000d8980000)
  to   space 5120K, 0% used [0x00000000d7f80000,0x00000000d7f80000,0x00000000d8480000)
 ParOldGen       total 87552K, used 17512K [0x0000000081c00000, 0x0000000087180000, 0x00000000d5f00000)
  object space 87552K, 20% used [0x0000000081c00000,0x0000000082d1a388,0x0000000087180000)
 Metaspace       used 20281K, capacity 21182K, committed 21248K, reserved 1067008K
  class space    used 2832K, capacity 3067K, committed 3072K, reserved 1048576K
Event: 6.495 GC heap after
Heap after GC invocations=3 (full 0):
 PSYoungGen      total 38400K, used 5096K [0x00000000d5f00000, 0x00000000d8980000, 0x0000000100000000)
  eden space 33280K, 0% used [0x00000000d5f00000,0x00000000d5f00000,0x00000000d7f80000)
  from space 5120K, 99% used [0x00000000d7f80000,0x00000000d847a370,0x00000000d8480000)
  to   space 5120K, 0% used [0x00000000d8480000,0x00000000d8480000,0x00000000d8980000)
 ParOldGen       total 87552K, used 29216K [0x0000000081c00000, 0x0000000087180000, 0x00000000d5f00000)
  object space 87552K, 33% used [0x0000000081c00000,0x0000000083888278,0x0000000087180000)
 Metaspace       used 20281K, capacity 21182K, committed 21248K, reserved 1067008K
  class space    used 2832K, capacity 3067K, committed 3072K, reserved 1048576K
}
Event: 6.495 GC heap before
{Heap before GC invocations=4 (full 1):
 PSYoungGen      total 38400K, used 5096K [0x00000000d5f00000, 0x00000000d8980000, 0x0000000100000000)
  eden space 33280K, 0% used [0x00000000d5f00000,0x00000000d5f00000,0x00000000d7f80000)
  from space 5120K, 99% used [0x00000000d7f80000,0x00000000d847a370,0x00000000d8480000)
  to   space 5120K, 0% used [0x00000000d8480000,0x00000000d8480000,0x00000000d8980000)
 ParOldGen       total 87552K, used 29216K [0x0000000081c00000, 0x0000000087180000, 0x00000000d5f00000)
  object space 87552K, 33% used [0x0000000081c00000,0x0000000083888278,0x0000000087180000)
 Metaspace       used 20281K, capacity 21182K, committed 21248K, reserved 1067008K
  class space    used 2832K, capacity 3067K, committed 3072K, reserved 1048576K
Event: 6.545 GC heap after
Heap after GC invocations=4 (full 1):
 PSYoungGen      total 38400K, used 0K [0x00000000d5f00000, 0x00000000d8980000, 0x0000000100000000)
  eden space 33280K, 0% used [0x00000000d5f00000,0x00000000d5f00000,0x00000000d7f80000)
  from space 5120K, 0% used [0x00000000d7f80000,0x00000000d7f80000,0x00000000d8480000)
  to   space 5120K, 0% used [0x00000000d8480000,0x00000000d8480000,0x00000000d8980000)
 ParOldGen       total 103424K, used 33976K [0x0000000081c00000, 0x0000000088100000, 0x00000000d5f00000)
  object space 103424K, 32% used [0x0000000081c00000,0x0000000083d2e020,0x0000000088100000)
 Metaspace       used 20281K, capacity 21182K, committed 21248K, reserved 1067008K
  class space    used 2832K, capacity 3067K, committed 3072K, reserved 1048576K
}
Event: 35.936 GC heap before
{Heap before GC invocations=5 (full 1):
 PSYoungGen      total 38400K, used 33280K [0x00000000d5f00000, 0x00000000d8980000, 0x0000000100000000)
  eden space 33280K, 100% used [0x00000000d5f00000,0x00000000d7f80000,0x00000000d7f80000)
  from space 5120K, 0% used [0x00000000d7f80000,0x00000000d7f80000,0x00000000d8480000)
  to   space 5120K, 0% used [0x00000000d8480000,0x00000000d8480000,0x00000000d8980000)
 ParOldGen       total 103424K, used 33976K [0x0000000081c00000, 0x0000000088100000, 0x00000000d5f00000)
  object space 103424K, 32% used [0x0000000081c00000,0x0000000083d2e020,0x0000000088100000)
 Metaspace       used 23666K, capacity 25176K, committed 25344K, reserved 1071104K
  class space    used 3239K, capacity 3532K, committed 3584K, reserved 1048576K
Event: 35.943 GC heap after
Heap after GC invocations=5 (full 1):
 PSYoungGen      total 38400K, used 5113K [0x00000000d5f00000, 0x00000000d9880000, 0x0000000100000000)
  eden space 33280K, 0% used [0x00000000d5f00000,0x00000000d5f00000,0x00000000d7f80000)
  from space 5120K, 99% used [0x00000000d8480000,0x00000000d897e598,0x00000000d8980000)
  to   space 5120K, 0% used [0x00000000d7f80000,0x00000000d7f80000,0x00000000d8480000)
 ParOldGen       total 103424K, used 38498K [0x0000000081c00000, 0x0000000088100000, 0x00000000d5f00000)
  object space 103424K, 37% used [0x0000000081c00000,0x00000000841988e0,0x0000000088100000)
 Metaspace       used 23666K, capacity 25176K, committed 25344K, reserved 1071104K
  class space    used 3239K, capacity 3532K, committed 3584K, reserved 1048576K
}
Event: 59.391 GC heap before
{Heap before GC invocations=6 (full 1):
 PSYoungGen      total 38400K, used 38393K [0x00000000d5f00000, 0x00000000d9880000, 0x0000000100000000)
  eden space 33280K, 100% used [0x00000000d5f00000,0x00000000d7f80000,0x00000000d7f80000)
  from space 5120K, 99% used [0x00000000d8480000,0x00000000d897e598,0x00000000d8980000)
  to   space 5120K, 0% used [0x00000000d7f80000,0x00000000d7f80000,0x00000000d8480000)
 ParOldGen       total 103424K, used 38498K [0x0000000081c00000, 0x0000000088100000, 0x00000000d5f00000)
  object space 103424K, 37% used [0x0000000081c00000,0x00000000841988e0,0x0000000088100000)
 Metaspace       used 24082K, capacity 25598K, committed 25856K, reserved 1071104K
  class space    used 3250K, capacity 3549K, committed 3584K, reserved 1048576K
Event: 59.401 GC heap after
Heap after GC invocations=6 (full 1):
 PSYoungGen      total 38400K, used 5101K [0x00000000d5f00000, 0x00000000d9880000, 0x0000000100000000)
  eden space 33280K, 0% used [0x00000000d5f00000,0x00000000d5f00000,0x00000000d7f80000)
  from space 5120K, 99% used [0x00000000d7f80000,0x00000000d847b6f0,0x00000000d8480000)
  to   space 5120K, 0% used [0x00000000d8480000,0x00000000d8480000,0x00000000d8980000)
 ParOldGen       total 103424K, used 53101K [0x0000000081c00000, 0x0000000088100000, 0x00000000d5f00000)
  object space 103424K, 51% used [0x0000000081c00000,0x0000000084fdb6e8,0x0000000088100000)
 Metaspace       used 24082K, capacity 25598K, committed 25856K, reserved 1071104K
  class space    used 3250K, capacity 3549K, committed 3584K, reserved 1048576K
}

