# JRE version: Java(TM) SE Runtime Environment (8.0_261-b12) (build 1.8.0_261-b12)
# Java VM: Java HotSpot(TM) 64-Bit Server VM (25.261-b12 mixed mode windows-amd64 compressed oops)
Heap:
 PSYoungGen      total 38400K, used 9363K [0x00000000d5f00000, 0x00000000d9580000, 0x0000000100000000)
  eden space 33280K, 12% used [0x00000000d5f00000,0x00000000d63267b0,0x00000000d7f80000)
  from space 5120K, 99% used [0x00000000d7f80000,0x00000000d847e480,0x00000000d8480000)
  to   space 5120K, 0% used [0x00000000d8480000,0x00000000d8480000,0x00000000d8980000)
 ParOldGen       total 102400K, used 42713K [0x0000000081c00000, 0x0000000088000000, 0x00000000d5f00000)
  object space 102400K, 41% used [0x0000000081c00000,0x00000000845b6798,0x0000000088000000)
 Metaspace       used 25684K, capacity 27372K, committed 27648K, reserved 1073152K
  class space    used 3390K, capacity 3732K, committed 3840K, reserved 1048576K
GC Heap History (10 events):
Event: 6.297 GC heap before
{Heap before GC invocations=2 (full 0):
 PSYoungGen      total 38400K, used 36329K [0x00000000d5f00000, 0x00000000d8980000, 0x0000000100000000)
  eden space 33280K, 93% used [0x00000000d5f00000,0x00000000d7d7f378,0x00000000d7f80000)
  from space 5120K, 99% used [0x00000000d7f80000,0x00000000d847b3d0,0x00000000d8480000)
  to   space 5120K, 0% used [0x00000000d8480000,0x00000000d8480000,0x00000000d8980000)
 ParOldGen       total 87552K, used 268K [0x0000000081c00000, 0x0000000087180000, 0x00000000d5f00000)
  object space 87552K, 0% used [0x0000000081c00000,0x0000000081c43018,0x0000000087180000)
 Metaspace       used 16605K, capacity 17298K, committed 17536K, reserved 1064960K
  class space    used 2393K, capacity 2593K, committed 2688K, reserved 1048576K
Event: 6.308 GC heap after
Heap after GC invocations=2 (full 0):
 PSYoungGen      total 38400K, used 5116K [0x00000000d5f00000, 0x00000000d8980000, 0x0000000100000000)
  eden space 33280K, 0% used [0x00000000d5f00000,0x00000000d5f00000,0x00000000d7f80000)
  from space 5120K, 99% used [0x00000000d8480000,0x00000000d897f018,0x00000000d8980000)
  to   space 5120K, 0% used [0x00000000d7f80000,0x00000000d7f80000,0x00000000d8480000)
 ParOldGen       total 87552K, used 17375K [0x0000000081c00000, 0x0000000087180000, 0x00000000d5f00000)
  object space 87552K, 19% used [0x0000000081c00000,0x0000000082cf7d20,0x0000000087180000)
 Metaspace       used 16605K, capacity 17298K, committed 17536K, reserved 1064960K
  class space    used 2393K, capacity 2593K, committed 2688K, reserved 1048576K
}
Event: 6.948 GC heap before
{Heap before GC invocations=3 (full 0):
 PSYoungGen      total 38400K, used 25854K [0x00000000d5f00000, 0x00000000d8980000, 0x0000000100000000)
  eden space 33280K, 62% used [0x00000000d5f00000,0x00000000d7340bb0,0x00000000d7f80000)
  from space 5120K, 99% used [0x00000000d8480000,0x00000000d897f018,0x00000000d8980000)
  to   space 5120K, 0% used [0x00000000d7f80000,0x00000000d7f80000,0x00000000d8480000)
 ParOldGen       total 87552K, used 17375K [0x0000000081c00000, 0x0000000087180000, 0x00000000d5f00000)
  object space 87552K, 19% used [0x0000000081c00000,0x0000000082cf7d20,0x0000000087180000)
 Metaspace       used 20331K, capacity 21216K, committed 21248K, reserved 1067008K
  class space    used 2813K, capacity 3062K, committed 3072K, reserved 1048576K
Event: 6.959 GC heap after
Heap after GC invocations=3 (full 0):
 PSYoungGen      total 38400K, used 5116K [0x00000000d5f00000, 0x00000000d8980000, 0x0000000100000000)
  eden space 33280K, 0% used [0x00000000d5f00000,0x00000000d5f00000,0x00000000d7f80000)
  from space 5120K, 99% used [0x00000000d7f80000,0x00000000d847f038,0x00000000d8480000)
  to   space 5120K, 0% used [0x00000000d8480000,0x00000000d8480000,0x00000000d8980000)
 ParOldGen       total 87552K, used 26835K [0x0000000081c00000, 0x0000000087180000, 0x00000000d5f00000)
  object space 87552K, 30% used [0x0000000081c00000,0x0000000083634f68,0x0000000087180000)
 Metaspace       used 20331K, capacity 21216K, committed 21248K, reserved 1067008K
  class space    used 2813K, capacity 3062K, committed 3072K, reserved 1048576K
}
Event: 6.959 GC heap before
{Heap before GC invocations=4 (full 1):
 PSYoungGen      total 38400K, used 5116K [0x00000000d5f00000, 0x00000000d8980000, 0x0000000100000000)
  eden space 33280K, 0% used [0x00000000d5f00000,0x00000000d5f00000,0x00000000d7f80000)
  from space 5120K, 99% used [0x00000000d7f80000,0x00000000d847f038,0x00000000d8480000)
  to   space 5120K, 0% used [0x00000000d8480000,0x00000000d8480000,0x00000000d8980000)
 ParOldGen       total 87552K, used 26835K [0x0000000081c00000, 0x0000000087180000, 0x00000000d5f00000)
  object space 87552K, 30% used [0x0000000081c00000,0x0000000083634f68,0x0000000087180000)
 Metaspace       used 20331K, capacity 21216K, committed 21248K, reserved 1067008K
  class space    used 2813K, capacity 3062K, committed 3072K, reserved 1048576K
Event: 7.034 GC heap after
Heap after GC invocations=4 (full 1):
 PSYoungGen      total 38400K, used 0K [0x00000000d5f00000, 0x00000000d8980000, 0x0000000100000000)
  eden space 33280K, 0% used [0x00000000d5f00000,0x00000000d5f00000,0x00000000d7f80000)
  from space 5120K, 0% used [0x00000000d7f80000,0x00000000d7f80000,0x00000000d8480000)
  to   space 5120K, 0% used [0x00000000d8480000,0x00000000d8480000,0x00000000d8980000)
 ParOldGen       total 102400K, used 31641K [0x0000000081c00000, 0x0000000088000000, 0x00000000d5f00000)
  object space 102400K, 30% used [0x0000000081c00000,0x0000000083ae64a8,0x0000000088000000)
 Metaspace       used 20331K, capacity 21216K, committed 21248K, reserved 1067008K
  class space    used 2813K, capacity 3062K, committed 3072K, reserved 1048576K
}
Event: 38.838 GC heap before
{Heap before GC invocations=5 (full 1):
 PSYoungGen      total 38400K, used 33280K [0x00000000d5f00000, 0x00000000d8980000, 0x0000000100000000)
  eden space 33280K, 100% used [0x00000000d5f00000,0x00000000d7f80000,0x00000000d7f80000)
  from space 5120K, 0% used [0x00000000d7f80000,0x00000000d7f80000,0x00000000d8480000)
  to   space 5120K, 0% used [0x00000000d8480000,0x00000000d8480000,0x00000000d8980000)
 ParOldGen       total 102400K, used 31641K [0x0000000081c00000, 0x0000000088000000, 0x00000000d5f00000)
  object space 102400K, 30% used [0x0000000081c00000,0x0000000083ae64a8,0x0000000088000000)
 Metaspace       used 23548K, capacity 24874K, committed 24960K, reserved 1071104K
  class space    used 3121K, capacity 3373K, committed 3456K, reserved 1048576K
Event: 38.845 GC heap after
Heap after GC invocations=5 (full 1):
 PSYoungGen      total 38400K, used 5097K [0x00000000d5f00000, 0x00000000d9580000, 0x0000000100000000)
  eden space 33280K, 0% used [0x00000000d5f00000,0x00000000d5f00000,0x00000000d7f80000)
  from space 5120K, 99% used [0x00000000d8480000,0x00000000d897a5a8,0x00000000d8980000)
  to   space 5120K, 0% used [0x00000000d7f80000,0x00000000d7f80000,0x00000000d8480000)
 ParOldGen       total 102400K, used 34871K [0x0000000081c00000, 0x0000000088000000, 0x00000000d5f00000)
  object space 102400K, 34% used [0x0000000081c00000,0x0000000083e0de38,0x0000000088000000)
 Metaspace       used 23548K, capacity 24874K, committed 24960K, reserved 1071104K
  class space    used 3121K, capacity 3373K, committed 3456K, reserved 1048576K
}
Event: 104.053 GC heap before
{Heap before GC invocations=6 (full 1):
 PSYoungGen      total 38400K, used 38377K [0x00000000d5f00000, 0x00000000d9580000, 0x0000000100000000)
  eden space 33280K, 100% used [0x00000000d5f00000,0x00000000d7f80000,0x00000000d7f80000)
  from space 5120K, 99% used [0x00000000d8480000,0x00000000d897a5a8,0x00000000d8980000)
  to   space 5120K, 0% used [0x00000000d7f80000,0x00000000d7f80000,0x00000000d8480000)
 ParOldGen       total 102400K, used 34871K [0x0000000081c00000, 0x0000000088000000, 0x00000000d5f00000)
  object space 102400K, 34% used [0x0000000081c00000,0x0000000083e0de38,0x0000000088000000)
 Metaspace       used 25643K, capacity 27304K, committed 27648K, reserved 1073152K
  class space    used 3389K, capacity 3732K, committed 3840K, reserved 1048576K
Event: 104.067 GC heap after
Heap after GC invocations=6 (full 1):
 PSYoungGen      total 38400K, used 5113K [0x00000000d5f00000, 0x00000000d9580000, 0x0000000100000000)
  eden space 33280K, 0% used [0x00000000d5f00000,0x00000000d5f00000,0x00000000d7f80000)
  from space 5120K, 99% used [0x00000000d7f80000,0x00000000d847e480,0x00000000d8480000)
  to   space 5120K, 0% used [0x00000000d8480000,0x00000000d8480000,0x00000000d8980000)
 ParOldGen       total 102400K, used 42713K [0x0000000081c00000, 0x0000000088000000, 0x00000000d5f00000)
  object space 102400K, 41% used [0x0000000081c00000,0x00000000845b6798,0x0000000088000000)
 Metaspace       used 25643K, capacity 27304K, committed 27648K, reserved 1073152K
  class space    used 3389K, capacity 3732K, committed 3840K, reserved 1048576K
}

