# JRE version: Java(TM) SE Runtime Environment (8.0_261-b12) (build 1.8.0_261-b12)
# Java VM: Java HotSpot(TM) 64-Bit Server VM (25.261-b12 mixed mode windows-amd64 compressed oops)
Heap:
 PSYoungGen      total 38400K, used 6953K [0x00000000d5f00000, 0x00000000d9480000, 0x0000000100000000)
  eden space 33280K, 5% used [0x00000000d5f00000,0x00000000d60d0618,0x00000000d7f80000)
  from space 5120K, 99% used [0x00000000d8480000,0x00000000d8979e88,0x00000000d8980000)
  to   space 5120K, 0% used [0x00000000d7f80000,0x00000000d7f80000,0x00000000d8480000)
 ParOldGen       total 104960K, used 44280K [0x0000000081c00000, 0x0000000088280000, 0x00000000d5f00000)
  object space 104960K, 42% used [0x0000000081c00000,0x000000008473e008,0x0000000088280000)
 Metaspace       used 22406K, capacity 23668K, committed 23808K, reserved 1069056K
  class space    used 3032K, capacity 3310K, committed 3328K, reserved 1048576K
GC Heap History (10 events):
Event: 0.838 GC heap before
{Heap before GC invocations=1 (full 0):
 PSYoungGen      total 38400K, used 24811K [0x00000000d5f00000, 0x00000000d8980000, 0x0000000100000000)
  eden space 33280K, 74% used [0x00000000d5f00000,0x00000000d773ac88,0x00000000d7f80000)
  from space 5120K, 0% used [0x00000000d8480000,0x00000000d8480000,0x00000000d8980000)
  to   space 5120K, 0% used [0x00000000d7f80000,0x00000000d7f80000,0x00000000d8480000)
 ParOldGen       total 87552K, used 0K [0x0000000081c00000, 0x0000000087180000, 0x00000000d5f00000)
  object space 87552K, 0% used [0x0000000081c00000,0x0000000081c00000,0x0000000087180000)
 Metaspace       used 11546K, capacity 11932K, committed 12160K, reserved 1060864K
  class space    used 1515K, capacity 1614K, committed 1664K, reserved 1048576K
Event: 0.843 GC heap after
Heap after GC invocations=1 (full 0):
 PSYoungGen      total 38400K, used 5044K [0x00000000d5f00000, 0x00000000d8980000, 0x0000000100000000)
  eden space 33280K, 0% used [0x00000000d5f00000,0x00000000d5f00000,0x00000000d7f80000)
  from space 5120K, 98% used [0x00000000d7f80000,0x00000000d846d130,0x00000000d8480000)
  to   space 5120K, 0% used [0x00000000d8480000,0x00000000d8480000,0x00000000d8980000)
 ParOldGen       total 87552K, used 80K [0x0000000081c00000, 0x0000000087180000, 0x00000000d5f00000)
  object space 87552K, 0% used [0x0000000081c00000,0x0000000081c14010,0x0000000087180000)
 Metaspace       used 11546K, capacity 11932K, committed 12160K, reserved 1060864K
  class space    used 1515K, capacity 1614K, committed 1664K, reserved 1048576K
}
Event: 3.439 GC heap before
{Heap before GC invocations=2 (full 0):
 PSYoungGen      total 38400K, used 36453K [0x00000000d5f00000, 0x00000000d8980000, 0x0000000100000000)
  eden space 33280K, 94% used [0x00000000d5f00000,0x00000000d7dac5f0,0x00000000d7f80000)
  from space 5120K, 98% used [0x00000000d7f80000,0x00000000d846d130,0x00000000d8480000)
  to   space 5120K, 0% used [0x00000000d8480000,0x00000000d8480000,0x00000000d8980000)
 ParOldGen       total 87552K, used 80K [0x0000000081c00000, 0x0000000087180000, 0x00000000d5f00000)
  object space 87552K, 0% used [0x0000000081c00000,0x0000000081c14010,0x0000000087180000)
 Metaspace       used 16970K, capacity 17712K, committed 17792K, reserved 1064960K
  class space    used 2481K, capacity 2686K, committed 2688K, reserved 1048576K
Event: 3.448 GC heap after
Heap after GC invocations=2 (full 0):
 PSYoungGen      total 38400K, used 5103K [0x00000000d5f00000, 0x00000000d8980000, 0x0000000100000000)
  eden space 33280K, 0% used [0x00000000d5f00000,0x00000000d5f00000,0x00000000d7f80000)
  from space 5120K, 99% used [0x00000000d8480000,0x00000000d897bff8,0x00000000d8980000)
  to   space 5120K, 0% used [0x00000000d7f80000,0x00000000d7f80000,0x00000000d8480000)
 ParOldGen       total 87552K, used 16783K [0x0000000081c00000, 0x0000000087180000, 0x00000000d5f00000)
  object space 87552K, 19% used [0x0000000081c00000,0x0000000082c63c50,0x0000000087180000)
 Metaspace       used 16970K, capacity 17712K, committed 17792K, reserved 1064960K
  class space    used 2481K, capacity 2686K, committed 2688K, reserved 1048576K
}
Event: 3.875 GC heap before
{Heap before GC invocations=3 (full 0):
 PSYoungGen      total 38400K, used 23181K [0x00000000d5f00000, 0x00000000d8980000, 0x0000000100000000)
  eden space 33280K, 54% used [0x00000000d5f00000,0x00000000d70a7690,0x00000000d7f80000)
  from space 5120K, 99% used [0x00000000d8480000,0x00000000d897bff8,0x00000000d8980000)
  to   space 5120K, 0% used [0x00000000d7f80000,0x00000000d7f80000,0x00000000d8480000)
 ParOldGen       total 87552K, used 16783K [0x0000000081c00000, 0x0000000087180000, 0x00000000d5f00000)
  object space 87552K, 19% used [0x0000000081c00000,0x0000000082c63c50,0x0000000087180000)
 Metaspace       used 20267K, capacity 21160K, committed 21248K, reserved 1067008K
  class space    used 2830K, capacity 3040K, committed 3072K, reserved 1048576K
Event: 3.884 GC heap after
Heap after GC invocations=3 (full 0):
 PSYoungGen      total 38400K, used 5104K [0x00000000d5f00000, 0x00000000d8980000, 0x0000000100000000)
  eden space 33280K, 0% used [0x00000000d5f00000,0x00000000d5f00000,0x00000000d7f80000)
  from space 5120K, 99% used [0x00000000d7f80000,0x00000000d847c0b0,0x00000000d8480000)
  to   space 5120K, 0% used [0x00000000d8480000,0x00000000d8480000,0x00000000d8980000)
 ParOldGen       total 87552K, used 27271K [0x0000000081c00000, 0x0000000087180000, 0x00000000d5f00000)
  object space 87552K, 31% used [0x0000000081c00000,0x00000000836a1cc0,0x0000000087180000)
 Metaspace       used 20267K, capacity 21160K, committed 21248K, reserved 1067008K
  class space    used 2830K, capacity 3040K, committed 3072K, reserved 1048576K
}
Event: 3.884 GC heap before
{Heap before GC invocations=4 (full 1):
 PSYoungGen      total 38400K, used 5104K [0x00000000d5f00000, 0x00000000d8980000, 0x0000000100000000)
  eden space 33280K, 0% used [0x00000000d5f00000,0x00000000d5f00000,0x00000000d7f80000)
  from space 5120K, 99% used [0x00000000d7f80000,0x00000000d847c0b0,0x00000000d8480000)
  to   space 5120K, 0% used [0x00000000d8480000,0x00000000d8480000,0x00000000d8980000)
 ParOldGen       total 87552K, used 27271K [0x0000000081c00000, 0x0000000087180000, 0x00000000d5f00000)
  object space 87552K, 31% used [0x0000000081c00000,0x00000000836a1cc0,0x0000000087180000)
 Metaspace       used 20267K, capacity 21160K, committed 21248K, reserved 1067008K
  class space    used 2830K, capacity 3040K, committed 3072K, reserved 1048576K
Event: 3.940 GC heap after
Heap after GC invocations=4 (full 1):
 PSYoungGen      total 38400K, used 0K [0x00000000d5f00000, 0x00000000d8980000, 0x0000000100000000)
  eden space 33280K, 0% used [0x00000000d5f00000,0x00000000d5f00000,0x00000000d7f80000)
  from space 5120K, 0% used [0x00000000d7f80000,0x00000000d7f80000,0x00000000d8480000)
  to   space 5120K, 0% used [0x00000000d8480000,0x00000000d8480000,0x00000000d8980000)
 ParOldGen       total 104960K, used 32087K [0x0000000081c00000, 0x0000000088280000, 0x00000000d5f00000)
  object space 104960K, 30% used [0x0000000081c00000,0x0000000083b55d18,0x0000000088280000)
 Metaspace       used 20267K, capacity 21160K, committed 21248K, reserved 1067008K
  class space    used 2830K, capacity 3040K, committed 3072K, reserved 1048576K
}
Event: 12.278 GC heap before
{Heap before GC invocations=5 (full 1):
 PSYoungGen      total 38400K, used 33280K [0x00000000d5f00000, 0x00000000d8980000, 0x0000000100000000)
  eden space 33280K, 100% used [0x00000000d5f00000,0x00000000d7f80000,0x00000000d7f80000)
  from space 5120K, 0% used [0x00000000d7f80000,0x00000000d7f80000,0x00000000d8480000)
  to   space 5120K, 0% used [0x00000000d8480000,0x00000000d8480000,0x00000000d8980000)
 ParOldGen       total 104960K, used 32087K [0x0000000081c00000, 0x0000000088280000, 0x00000000d5f00000)
  object space 104960K, 30% used [0x0000000081c00000,0x0000000083b55d18,0x0000000088280000)
 Metaspace       used 22371K, capacity 23656K, committed 23808K, reserved 1069056K
  class space    used 3031K, capacity 3308K, committed 3328K, reserved 1048576K
Event: 12.288 GC heap after
Heap after GC invocations=5 (full 1):
 PSYoungGen      total 38400K, used 5095K [0x00000000d5f00000, 0x00000000d9480000, 0x0000000100000000)
  eden space 33280K, 0% used [0x00000000d5f00000,0x00000000d5f00000,0x00000000d7f80000)
  from space 5120K, 99% used [0x00000000d8480000,0x00000000d8979e88,0x00000000d8980000)
  to   space 5120K, 0% used [0x00000000d7f80000,0x00000000d7f80000,0x00000000d8480000)
 ParOldGen       total 104960K, used 44280K [0x0000000081c00000, 0x0000000088280000, 0x00000000d5f00000)
  object space 104960K, 42% used [0x0000000081c00000,0x000000008473e008,0x0000000088280000)
 Metaspace       used 22371K, capacity 23656K, committed 23808K, reserved 1069056K
  class space    used 3031K, capacity 3308K, committed 3328K, reserved 1048576K
}

