# JRE version: Java(TM) SE Runtime Environment (8.0_261-b12) (build 1.8.0_261-b12)
# Java VM: Java HotSpot(TM) 64-Bit Server VM (25.261-b12 mixed mode windows-amd64 compressed oops)
Heap:
 PSYoungGen      total 38400K, used 32269K [0x00000000d5f00000, 0x00000000d9a80000, 0x0000000100000000)
  eden space 33280K, 81% used [0x00000000d5f00000,0x00000000d798b010,0x00000000d7f80000)
  from space 5120K, 99% used [0x00000000d8480000,0x00000000d89784c0,0x00000000d8980000)
  to   space 5120K, 0% used [0x00000000d7f80000,0x00000000d7f80000,0x00000000d8480000)
 ParOldGen       total 103936K, used 39703K [0x0000000081c00000, 0x0000000088180000, 0x00000000d5f00000)
  object space 103936K, 38% used [0x0000000081c00000,0x00000000842c5cd8,0x0000000088180000)
 Metaspace       used 23998K, capacity 25534K, committed 25600K, reserved 1071104K
  class space    used 3250K, capacity 3549K, committed 3584K, reserved 1048576K
GC Heap History (10 events):
Event: 0.925 GC heap before
{Heap before GC invocations=1 (full 0):
 PSYoungGen      total 38400K, used 25490K [0x00000000d5f00000, 0x00000000d8980000, 0x0000000100000000)
  eden space 33280K, 76% used [0x00000000d5f00000,0x00000000d77e4810,0x00000000d7f80000)
  from space 5120K, 0% used [0x00000000d8480000,0x00000000d8480000,0x00000000d8980000)
  to   space 5120K, 0% used [0x00000000d7f80000,0x00000000d7f80000,0x00000000d8480000)
 ParOldGen       total 87552K, used 0K [0x0000000081c00000, 0x0000000087180000, 0x00000000d5f00000)
  object space 87552K, 0% used [0x0000000081c00000,0x0000000081c00000,0x0000000087180000)
 Metaspace       used 11596K, capacity 11936K, committed 12160K, reserved 1060864K
  class space    used 1513K, capacity 1614K, committed 1664K, reserved 1048576K
Event: 0.929 GC heap after
Heap after GC invocations=1 (full 0):
 PSYoungGen      total 38400K, used 5116K [0x00000000d5f00000, 0x00000000d8980000, 0x0000000100000000)
  eden space 33280K, 0% used [0x00000000d5f00000,0x00000000d5f00000,0x00000000d7f80000)
  from space 5120K, 99% used [0x00000000d7f80000,0x00000000d847f3e0,0x00000000d8480000)
  to   space 5120K, 0% used [0x00000000d8480000,0x00000000d8480000,0x00000000d8980000)
 ParOldGen       total 87552K, used 281K [0x0000000081c00000, 0x0000000087180000, 0x00000000d5f00000)
  object space 87552K, 0% used [0x0000000081c00000,0x0000000081c46748,0x0000000087180000)
 Metaspace       used 11596K, capacity 11936K, committed 12160K, reserved 1060864K
  class space    used 1513K, capacity 1614K, committed 1664K, reserved 1048576K
}
Event: 4.192 GC heap before
{Heap before GC invocations=2 (full 0):
 PSYoungGen      total 38400K, used 37070K [0x00000000d5f00000, 0x00000000d8980000, 0x0000000100000000)
  eden space 33280K, 96% used [0x00000000d5f00000,0x00000000d7e346c0,0x00000000d7f80000)
  from space 5120K, 99% used [0x00000000d7f80000,0x00000000d847f3e0,0x00000000d8480000)
  to   space 5120K, 0% used [0x00000000d8480000,0x00000000d8480000,0x00000000d8980000)
 ParOldGen       total 87552K, used 281K [0x0000000081c00000, 0x0000000087180000, 0x00000000d5f00000)
  object space 87552K, 0% used [0x0000000081c00000,0x0000000081c46748,0x0000000087180000)
 Metaspace       used 16960K, capacity 17750K, committed 17792K, reserved 1064960K
  class space    used 2477K, capacity 2681K, committed 2688K, reserved 1048576K
Event: 4.202 GC heap after
Heap after GC invocations=2 (full 0):
 PSYoungGen      total 38400K, used 5104K [0x00000000d5f00000, 0x00000000d8980000, 0x0000000100000000)
  eden space 33280K, 0% used [0x00000000d5f00000,0x00000000d5f00000,0x00000000d7f80000)
  from space 5120K, 99% used [0x00000000d8480000,0x00000000d897c2a0,0x00000000d8980000)
  to   space 5120K, 0% used [0x00000000d7f80000,0x00000000d7f80000,0x00000000d8480000)
 ParOldGen       total 87552K, used 19663K [0x0000000081c00000, 0x0000000087180000, 0x00000000d5f00000)
  object space 87552K, 22% used [0x0000000081c00000,0x0000000082f33c70,0x0000000087180000)
 Metaspace       used 16960K, capacity 17750K, committed 17792K, reserved 1064960K
  class space    used 2477K, capacity 2681K, committed 2688K, reserved 1048576K
}
Event: 4.689 GC heap before
{Heap before GC invocations=3 (full 0):
 PSYoungGen      total 38400K, used 24430K [0x00000000d5f00000, 0x00000000d8980000, 0x0000000100000000)
  eden space 33280K, 58% used [0x00000000d5f00000,0x00000000d71df828,0x00000000d7f80000)
  from space 5120K, 99% used [0x00000000d8480000,0x00000000d897c2a0,0x00000000d8980000)
  to   space 5120K, 0% used [0x00000000d7f80000,0x00000000d7f80000,0x00000000d8480000)
 ParOldGen       total 87552K, used 19663K [0x0000000081c00000, 0x0000000087180000, 0x00000000d5f00000)
  object space 87552K, 22% used [0x0000000081c00000,0x0000000082f33c70,0x0000000087180000)
 Metaspace       used 20251K, capacity 21182K, committed 21248K, reserved 1067008K
  class space    used 2841K, capacity 3067K, committed 3072K, reserved 1048576K
Event: 4.697 GC heap after
Heap after GC invocations=3 (full 0):
 PSYoungGen      total 38400K, used 5091K [0x00000000d5f00000, 0x00000000d8980000, 0x0000000100000000)
  eden space 33280K, 0% used [0x00000000d5f00000,0x00000000d5f00000,0x00000000d7f80000)
  from space 5120K, 99% used [0x00000000d7f80000,0x00000000d8478f48,0x00000000d8480000)
  to   space 5120K, 0% used [0x00000000d8480000,0x00000000d8480000,0x00000000d8980000)
 ParOldGen       total 87552K, used 31486K [0x0000000081c00000, 0x0000000087180000, 0x00000000d5f00000)
  object space 87552K, 35% used [0x0000000081c00000,0x0000000083abfac8,0x0000000087180000)
 Metaspace       used 20251K, capacity 21182K, committed 21248K, reserved 1067008K
  class space    used 2841K, capacity 3067K, committed 3072K, reserved 1048576K
}
Event: 4.697 GC heap before
{Heap before GC invocations=4 (full 1):
 PSYoungGen      total 38400K, used 5091K [0x00000000d5f00000, 0x00000000d8980000, 0x0000000100000000)
  eden space 33280K, 0% used [0x00000000d5f00000,0x00000000d5f00000,0x00000000d7f80000)
  from space 5120K, 99% used [0x00000000d7f80000,0x00000000d8478f48,0x00000000d8480000)
  to   space 5120K, 0% used [0x00000000d8480000,0x00000000d8480000,0x00000000d8980000)
 ParOldGen       total 87552K, used 31486K [0x0000000081c00000, 0x0000000087180000, 0x00000000d5f00000)
  object space 87552K, 35% used [0x0000000081c00000,0x0000000083abfac8,0x0000000087180000)
 Metaspace       used 20251K, capacity 21182K, committed 21248K, reserved 1067008K
  class space    used 2841K, capacity 3067K, committed 3072K, reserved 1048576K
Event: 4.724 GC heap after
Heap after GC invocations=4 (full 1):
 PSYoungGen      total 38400K, used 0K [0x00000000d5f00000, 0x00000000d8980000, 0x0000000100000000)
  eden space 33280K, 0% used [0x00000000d5f00000,0x00000000d5f00000,0x00000000d7f80000)
  from space 5120K, 0% used [0x00000000d7f80000,0x00000000d7f80000,0x00000000d8480000)
  to   space 5120K, 0% used [0x00000000d8480000,0x00000000d8480000,0x00000000d8980000)
 ParOldGen       total 103936K, used 34422K [0x0000000081c00000, 0x0000000088180000, 0x00000000d5f00000)
  object space 103936K, 33% used [0x0000000081c00000,0x0000000083d9db10,0x0000000088180000)
 Metaspace       used 20251K, capacity 21182K, committed 21248K, reserved 1067008K
  class space    used 2841K, capacity 3067K, committed 3072K, reserved 1048576K
}
Event: 21.214 GC heap before
{Heap before GC invocations=5 (full 1):
 PSYoungGen      total 38400K, used 32783K [0x00000000d5f00000, 0x00000000d8980000, 0x0000000100000000)
  eden space 33280K, 98% used [0x00000000d5f00000,0x00000000d7f03dc8,0x00000000d7f80000)
  from space 5120K, 0% used [0x00000000d7f80000,0x00000000d7f80000,0x00000000d8480000)
  to   space 5120K, 0% used [0x00000000d8480000,0x00000000d8480000,0x00000000d8980000)
 ParOldGen       total 103936K, used 34422K [0x0000000081c00000, 0x0000000088180000, 0x00000000d5f00000)
  object space 103936K, 33% used [0x0000000081c00000,0x0000000083d9db10,0x0000000088180000)
 Metaspace       used 23625K, capacity 25188K, committed 25344K, reserved 1071104K
  class space    used 3240K, capacity 3534K, committed 3584K, reserved 1048576K
Event: 21.224 GC heap after
Heap after GC invocations=5 (full 1):
 PSYoungGen      total 38400K, used 5089K [0x00000000d5f00000, 0x00000000d9a80000, 0x0000000100000000)
  eden space 33280K, 0% used [0x00000000d5f00000,0x00000000d5f00000,0x00000000d7f80000)
  from space 5120K, 99% used [0x00000000d8480000,0x00000000d89784c0,0x00000000d8980000)
  to   space 5120K, 0% used [0x00000000d7f80000,0x00000000d7f80000,0x00000000d8480000)
 ParOldGen       total 103936K, used 39703K [0x0000000081c00000, 0x0000000088180000, 0x00000000d5f00000)
  object space 103936K, 38% used [0x0000000081c00000,0x00000000842c5cd8,0x0000000088180000)
 Metaspace       used 23625K, capacity 25188K, committed 25344K, reserved 1071104K
  class space    used 3240K, capacity 3534K, committed 3584K, reserved 1048576K
}

