# JRE version: Java(TM) SE Runtime Environment (8.0_261-b12) (build 1.8.0_261-b12)
# Java VM: Java HotSpot(TM) 64-Bit Server VM (25.261-b12 mixed mode windows-amd64 compressed oops)
Heap:
 PSYoungGen      total 38400K, used 0K [0x00000000d5f00000, 0x00000000d8980000, 0x0000000100000000)
  eden space 33280K, 0% used [0x00000000d5f00000,0x00000000d5f00000,0x00000000d7f80000)
  from space 5120K, 0% used [0x00000000d7f80000,0x00000000d7f80000,0x00000000d8480000)
  to   space 5120K, 0% used [0x00000000d8480000,0x00000000d8480000,0x00000000d8980000)
 ParOldGen       total 91136K, used 27504K [0x0000000081c00000, 0x0000000087500000, 0x00000000d5f00000)
  object space 91136K, 30% used [0x0000000081c00000,0x00000000836dc0d8,0x0000000087500000)
 Metaspace       used 22314K, capacity 23496K, committed 23552K, reserved 1075200K
  class space    used 3042K, capacity 3328K, committed 3328K, reserved 1048576K
GC Heap History (10 events):
Event: 0.955 GC heap after
Heap after GC invocations=1 (full 0):
 PSYoungGen      total 38400K, used 5076K [0x00000000d5f00000, 0x00000000d8980000, 0x0000000100000000)
  eden space 33280K, 0% used [0x00000000d5f00000,0x00000000d5f00000,0x00000000d7f80000)
  from space 5120K, 99% used [0x00000000d7f80000,0x00000000d8475130,0x00000000d8480000)
  to   space 5120K, 0% used [0x00000000d8480000,0x00000000d8480000,0x00000000d8980000)
 ParOldGen       total 87552K, used 80K [0x0000000081c00000, 0x0000000087180000, 0x00000000d5f00000)
  object space 87552K, 0% used [0x0000000081c00000,0x0000000081c14010,0x0000000087180000)
 Metaspace       used 11562K, capacity 11936K, committed 12160K, reserved 1060864K
  class space    used 1515K, capacity 1614K, committed 1664K, reserved 1048576K
}
Event: 7.875 GC heap before
{Heap before GC invocations=2 (full 0):
 PSYoungGen      total 38400K, used 38356K [0x00000000d5f00000, 0x00000000d8980000, 0x0000000100000000)
  eden space 33280K, 100% used [0x00000000d5f00000,0x00000000d7f80000,0x00000000d7f80000)
  from space 5120K, 99% used [0x00000000d7f80000,0x00000000d8475130,0x00000000d8480000)
  to   space 5120K, 0% used [0x00000000d8480000,0x00000000d8480000,0x00000000d8980000)
 ParOldGen       total 87552K, used 80K [0x0000000081c00000, 0x0000000087180000, 0x00000000d5f00000)
  object space 87552K, 0% used [0x0000000081c00000,0x0000000081c14010,0x0000000087180000)
 Metaspace       used 17243K, capacity 18020K, committed 18048K, reserved 1064960K
  class space    used 2494K, capacity 2682K, committed 2688K, reserved 1048576K
Event: 7.887 GC heap after
Heap after GC invocations=2 (full 0):
 PSYoungGen      total 38400K, used 5106K [0x00000000d5f00000, 0x00000000d8980000, 0x0000000100000000)
  eden space 33280K, 0% used [0x00000000d5f00000,0x00000000d5f00000,0x00000000d7f80000)
  from space 5120K, 99% used [0x00000000d8480000,0x00000000d897caf0,0x00000000d8980000)
  to   space 5120K, 0% used [0x00000000d7f80000,0x00000000d7f80000,0x00000000d8480000)
 ParOldGen       total 87552K, used 17566K [0x0000000081c00000, 0x0000000087180000, 0x00000000d5f00000)
  object space 87552K, 20% used [0x0000000081c00000,0x0000000082d27b10,0x0000000087180000)
 Metaspace       used 17243K, capacity 18020K, committed 18048K, reserved 1064960K
  class space    used 2494K, capacity 2682K, committed 2688K, reserved 1048576K
}
Event: 8.272 GC heap before
{Heap before GC invocations=3 (full 0):
 PSYoungGen      total 38400K, used 15642K [0x00000000d5f00000, 0x00000000d8980000, 0x0000000100000000)
  eden space 33280K, 31% used [0x00000000d5f00000,0x00000000d6949e98,0x00000000d7f80000)
  from space 5120K, 99% used [0x00000000d8480000,0x00000000d897caf0,0x00000000d8980000)
  to   space 5120K, 0% used [0x00000000d7f80000,0x00000000d7f80000,0x00000000d8480000)
 ParOldGen       total 87552K, used 17566K [0x0000000081c00000, 0x0000000087180000, 0x00000000d5f00000)
  object space 87552K, 20% used [0x0000000081c00000,0x0000000082d27b10,0x0000000087180000)
 Metaspace       used 20315K, capacity 21188K, committed 21248K, reserved 1067008K
  class space    used 2815K, capacity 3040K, committed 3072K, reserved 1048576K
Event: 8.279 GC heap after
Heap after GC invocations=3 (full 0):
 PSYoungGen      total 38400K, used 5088K [0x00000000d5f00000, 0x00000000d8980000, 0x0000000100000000)
  eden space 33280K, 0% used [0x00000000d5f00000,0x00000000d5f00000,0x00000000d7f80000)
  from space 5120K, 99% used [0x00000000d7f80000,0x00000000d8478180,0x00000000d8480000)
  to   space 5120K, 0% used [0x00000000d8480000,0x00000000d8480000,0x00000000d8980000)
 ParOldGen       total 87552K, used 20104K [0x0000000081c00000, 0x0000000087180000, 0x00000000d5f00000)
  object space 87552K, 22% used [0x0000000081c00000,0x0000000082fa21f8,0x0000000087180000)
 Metaspace       used 20315K, capacity 21188K, committed 21248K, reserved 1067008K
  class space    used 2815K, capacity 3040K, committed 3072K, reserved 1048576K
}
Event: 8.279 GC heap before
{Heap before GC invocations=4 (full 1):
 PSYoungGen      total 38400K, used 5088K [0x00000000d5f00000, 0x00000000d8980000, 0x0000000100000000)
  eden space 33280K, 0% used [0x00000000d5f00000,0x00000000d5f00000,0x00000000d7f80000)
  from space 5120K, 99% used [0x00000000d7f80000,0x00000000d8478180,0x00000000d8480000)
  to   space 5120K, 0% used [0x00000000d8480000,0x00000000d8480000,0x00000000d8980000)
 ParOldGen       total 87552K, used 20104K [0x0000000081c00000, 0x0000000087180000, 0x00000000d5f00000)
  object space 87552K, 22% used [0x0000000081c00000,0x0000000082fa21f8,0x0000000087180000)
 Metaspace       used 20315K, capacity 21188K, committed 21248K, reserved 1067008K
  class space    used 2815K, capacity 3040K, committed 3072K, reserved 1048576K
Event: 8.319 GC heap after
Heap after GC invocations=4 (full 1):
 PSYoungGen      total 38400K, used 0K [0x00000000d5f00000, 0x00000000d8980000, 0x0000000100000000)
  eden space 33280K, 0% used [0x00000000d5f00000,0x00000000d5f00000,0x00000000d7f80000)
  from space 5120K, 0% used [0x00000000d7f80000,0x00000000d7f80000,0x00000000d8480000)
  to   space 5120K, 0% used [0x00000000d8480000,0x00000000d8480000,0x00000000d8980000)
 ParOldGen       total 91136K, used 24851K [0x0000000081c00000, 0x0000000087500000, 0x00000000d5f00000)
  object space 91136K, 27% used [0x0000000081c00000,0x0000000083444cb0,0x0000000087500000)
 Metaspace       used 20315K, capacity 21188K, committed 21248K, reserved 1067008K
  class space    used 2815K, capacity 3040K, committed 3072K, reserved 1048576K
}
Event: 11.936 GC heap before
{Heap before GC invocations=5 (full 1):
 PSYoungGen      total 38400K, used 16402K [0x00000000d5f00000, 0x00000000d8980000, 0x0000000100000000)
  eden space 33280K, 49% used [0x00000000d5f00000,0x00000000d6f04870,0x00000000d7f80000)
  from space 5120K, 0% used [0x00000000d7f80000,0x00000000d7f80000,0x00000000d8480000)
  to   space 5120K, 0% used [0x00000000d8480000,0x00000000d8480000,0x00000000d8980000)
 ParOldGen       total 91136K, used 24851K [0x0000000081c00000, 0x0000000087500000, 0x00000000d5f00000)
  object space 91136K, 27% used [0x0000000081c00000,0x0000000083444cb0,0x0000000087500000)
 Metaspace       used 22314K, capacity 23496K, committed 23552K, reserved 1073152K
  class space    used 3042K, capacity 3328K, committed 3328K, reserved 1048576K
Event: 11.942 GC heap after
Heap after GC invocations=5 (full 1):
 PSYoungGen      total 38400K, used 4080K [0x00000000d5f00000, 0x00000000d8980000, 0x0000000100000000)
  eden space 33280K, 0% used [0x00000000d5f00000,0x00000000d5f00000,0x00000000d7f80000)
  from space 5120K, 79% used [0x00000000d8480000,0x00000000d887c200,0x00000000d8980000)
  to   space 5120K, 0% used [0x00000000d7f80000,0x00000000d7f80000,0x00000000d8480000)
 ParOldGen       total 91136K, used 24851K [0x0000000081c00000, 0x0000000087500000, 0x00000000d5f00000)
  object space 91136K, 27% used [0x0000000081c00000,0x0000000083444cb0,0x0000000087500000)
 Metaspace       used 22314K, capacity 23496K, committed 23552K, reserved 1073152K
  class space    used 3042K, capacity 3328K, committed 3328K, reserved 1048576K
}
Event: 11.942 GC heap before
{Heap before GC invocations=6 (full 2):
 PSYoungGen      total 38400K, used 4080K [0x00000000d5f00000, 0x00000000d8980000, 0x0000000100000000)
  eden space 33280K, 0% used [0x00000000d5f00000,0x00000000d5f00000,0x00000000d7f80000)
  from space 5120K, 79% used [0x00000000d8480000,0x00000000d887c200,0x00000000d8980000)
  to   space 5120K, 0% used [0x00000000d7f80000,0x00000000d7f80000,0x00000000d8480000)
 ParOldGen       total 91136K, used 24851K [0x0000000081c00000, 0x0000000087500000, 0x00000000d5f00000)
  object space 91136K, 27% used [0x0000000081c00000,0x0000000083444cb0,0x0000000087500000)
 Metaspace       used 22314K, capacity 23496K, committed 23552K, reserved 1073152K
  class space    used 3042K, capacity 3328K, committed 3328K, reserved 1048576K

