# JRE version: Java(TM) SE Runtime Environment (8.0_261-b12) (build 1.8.0_261-b12)
# Java VM: Java HotSpot(TM) 64-Bit Server VM (25.261-b12 mixed mode windows-amd64 compressed oops)
Heap:
 PSYoungGen      total 37888K, used 35666K [0x00000000d5f00000, 0x00000000daa00000, 0x0000000100000000)
  eden space 32768K, 93% used [0x00000000d5f00000,0x00000000d7cdb490,0x00000000d7f00000)
  from space 5120K, 99% used [0x00000000d7f80000,0x00000000d8479510,0x00000000d8480000)
  to   space 22016K, 0% used [0x00000000d9480000,0x00000000d9480000,0x00000000daa00000)
 ParOldGen       total 78336K, used 31636K [0x0000000081c00000, 0x0000000086880000, 0x00000000d5f00000)
  object space 78336K, 40% used [0x0000000081c00000,0x0000000083ae5240,0x0000000086880000)
 Metaspace       used 39220K, capacity 40870K, committed 41088K, reserved 1085440K
  class space    used 5136K, capacity 5478K, committed 5504K, reserved 1048576K
GC Heap History (10 events):
Event: 13.995 GC heap before
{Heap before GC invocations=3 (full 1):
 PSYoungGen      total 38400K, used 5088K [0x00000000d5f00000, 0x00000000d8980000, 0x0000000100000000)
  eden space 33280K, 0% used [0x00000000d5f00000,0x00000000d5f00000,0x00000000d7f80000)
  from space 5120K, 99% used [0x00000000d8480000,0x00000000d8978070,0x00000000d8980000)
  to   space 5120K, 0% used [0x00000000d7f80000,0x00000000d7f80000,0x00000000d8480000)
 ParOldGen       total 87552K, used 7349K [0x0000000081c00000, 0x0000000087180000, 0x00000000d5f00000)
  object space 87552K, 8% used [0x0000000081c00000,0x000000008232d718,0x0000000087180000)
 Metaspace       used 20504K, capacity 21202K, committed 21296K, reserved 1067008K
  class space    used 2727K, capacity 2940K, committed 2944K, reserved 1048576K
Event: 14.043 GC heap after
Heap after GC invocations=3 (full 1):
 PSYoungGen      total 38400K, used 0K [0x00000000d5f00000, 0x00000000d8980000, 0x0000000100000000)
  eden space 33280K, 0% used [0x00000000d5f00000,0x00000000d5f00000,0x00000000d7f80000)
  from space 5120K, 0% used [0x00000000d8480000,0x00000000d8480000,0x00000000d8980000)
  to   space 5120K, 0% used [0x00000000d7f80000,0x00000000d7f80000,0x00000000d8480000)
 ParOldGen       total 51712K, used 12254K [0x0000000081c00000, 0x0000000084e80000, 0x00000000d5f00000)
  object space 51712K, 23% used [0x0000000081c00000,0x00000000827f7860,0x0000000084e80000)
 Metaspace       used 20504K, capacity 21202K, committed 21296K, reserved 1067008K
  class space    used 2727K, capacity 2940K, committed 2944K, reserved 1048576K
}
Event: 19.398 GC heap before
{Heap before GC invocations=4 (full 1):
 PSYoungGen      total 38400K, used 33280K [0x00000000d5f00000, 0x00000000d8980000, 0x0000000100000000)
  eden space 33280K, 100% used [0x00000000d5f00000,0x00000000d7f80000,0x00000000d7f80000)
  from space 5120K, 0% used [0x00000000d8480000,0x00000000d8480000,0x00000000d8980000)
  to   space 5120K, 0% used [0x00000000d7f80000,0x00000000d7f80000,0x00000000d8480000)
 ParOldGen       total 51712K, used 12254K [0x0000000081c00000, 0x0000000084e80000, 0x00000000d5f00000)
  object space 51712K, 23% used [0x0000000081c00000,0x00000000827f7860,0x0000000084e80000)
 Metaspace       used 25977K, capacity 27024K, committed 27136K, reserved 1073152K
  class space    used 3514K, capacity 3783K, committed 3840K, reserved 1048576K
Event: 19.408 GC heap after
Heap after GC invocations=4 (full 1):
 PSYoungGen      total 38400K, used 5101K [0x00000000d5f00000, 0x00000000d8980000, 0x0000000100000000)
  eden space 33280K, 0% used [0x00000000d5f00000,0x00000000d5f00000,0x00000000d7f80000)
  from space 5120K, 99% used [0x00000000d7f80000,0x00000000d847b590,0x00000000d8480000)
  to   space 5120K, 0% used [0x00000000d8480000,0x00000000d8480000,0x00000000d8980000)
 ParOldGen       total 51712K, used 29116K [0x0000000081c00000, 0x0000000084e80000, 0x00000000d5f00000)
  object space 51712K, 56% used [0x0000000081c00000,0x000000008386f100,0x0000000084e80000)
 Metaspace       used 25977K, capacity 27024K, committed 27136K, reserved 1073152K
  class space    used 3514K, capacity 3783K, committed 3840K, reserved 1048576K
}
Event: 127.353 GC heap before
{Heap before GC invocations=5 (full 1):
 PSYoungGen      total 38400K, used 34639K [0x00000000d5f00000, 0x00000000d8980000, 0x0000000100000000)
  eden space 33280K, 88% used [0x00000000d5f00000,0x00000000d7bd8920,0x00000000d7f80000)
  from space 5120K, 99% used [0x00000000d7f80000,0x00000000d847b590,0x00000000d8480000)
  to   space 5120K, 0% used [0x00000000d8480000,0x00000000d8480000,0x00000000d8980000)
 ParOldGen       total 51712K, used 29116K [0x0000000081c00000, 0x0000000084e80000, 0x00000000d5f00000)
  object space 51712K, 56% used [0x0000000081c00000,0x000000008386f100,0x0000000084e80000)
 Metaspace       used 28562K, capacity 30028K, committed 30336K, reserved 1075200K
  class space    used 3855K, capacity 4161K, committed 4224K, reserved 1048576K
Event: 127.363 GC heap after
Heap after GC invocations=5 (full 1):
 PSYoungGen      total 38400K, used 5113K [0x00000000d5f00000, 0x00000000d8980000, 0x0000000100000000)
  eden space 33280K, 0% used [0x00000000d5f00000,0x00000000d5f00000,0x00000000d7f80000)
  from space 5120K, 99% used [0x00000000d8480000,0x00000000d897e6f8,0x00000000d8980000)
  to   space 5120K, 0% used [0x00000000d7f80000,0x00000000d7f80000,0x00000000d8480000)
 ParOldGen       total 51712K, used 39335K [0x0000000081c00000, 0x0000000084e80000, 0x00000000d5f00000)
  object space 51712K, 76% used [0x0000000081c00000,0x0000000084269d30,0x0000000084e80000)
 Metaspace       used 28562K, capacity 30028K, committed 30336K, reserved 1075200K
  class space    used 3855K, capacity 4161K, committed 4224K, reserved 1048576K
}
Event: 127.363 GC heap before
{Heap before GC invocations=6 (full 2):
 PSYoungGen      total 38400K, used 5113K [0x00000000d5f00000, 0x00000000d8980000, 0x0000000100000000)
  eden space 33280K, 0% used [0x00000000d5f00000,0x00000000d5f00000,0x00000000d7f80000)
  from space 5120K, 99% used [0x00000000d8480000,0x00000000d897e6f8,0x00000000d8980000)
  to   space 5120K, 0% used [0x00000000d7f80000,0x00000000d7f80000,0x00000000d8480000)
 ParOldGen       total 51712K, used 39335K [0x0000000081c00000, 0x0000000084e80000, 0x00000000d5f00000)
  object space 51712K, 76% used [0x0000000081c00000,0x0000000084269d30,0x0000000084e80000)
 Metaspace       used 28562K, capacity 30028K, committed 30336K, reserved 1075200K
  class space    used 3855K, capacity 4161K, committed 4224K, reserved 1048576K
Event: 127.424 GC heap after
Heap after GC invocations=6 (full 2):
 PSYoungGen      total 38400K, used 0K [0x00000000d5f00000, 0x00000000d8980000, 0x0000000100000000)
  eden space 33280K, 0% used [0x00000000d5f00000,0x00000000d5f00000,0x00000000d7f80000)
  from space 5120K, 0% used [0x00000000d8480000,0x00000000d8480000,0x00000000d8980000)
  to   space 5120K, 0% used [0x00000000d7f80000,0x00000000d7f80000,0x00000000d8480000)
 ParOldGen       total 78336K, used 26991K [0x0000000081c00000, 0x0000000086880000, 0x00000000d5f00000)
  object space 78336K, 34% used [0x0000000081c00000,0x000000008365bc10,0x0000000086880000)
 Metaspace       used 28562K, capacity 30028K, committed 30336K, reserved 1075200K
  class space    used 3855K, capacity 4161K, committed 4224K, reserved 1048576K
}
Event: 164.801 GC heap before
{Heap before GC invocations=7 (full 2):
 PSYoungGen      total 38400K, used 33280K [0x00000000d5f00000, 0x00000000d8980000, 0x0000000100000000)
  eden space 33280K, 100% used [0x00000000d5f00000,0x00000000d7f80000,0x00000000d7f80000)
  from space 5120K, 0% used [0x00000000d8480000,0x00000000d8480000,0x00000000d8980000)
  to   space 5120K, 0% used [0x00000000d7f80000,0x00000000d7f80000,0x00000000d8480000)
 ParOldGen       total 78336K, used 26991K [0x0000000081c00000, 0x0000000086880000, 0x00000000d5f00000)
  object space 78336K, 34% used [0x0000000081c00000,0x000000008365bc10,0x0000000086880000)
 Metaspace       used 33069K, capacity 34578K, committed 34944K, reserved 1079296K
  class space    used 4301K, capacity 4620K, committed 4736K, reserved 1048576K
Event: 164.805 GC heap after
Heap after GC invocations=7 (full 2):
 PSYoungGen      total 37888K, used 5093K [0x00000000d5f00000, 0x00000000daa00000, 0x0000000100000000)
  eden space 32768K, 0% used [0x00000000d5f00000,0x00000000d5f00000,0x00000000d7f00000)
  from space 5120K, 99% used [0x00000000d7f80000,0x00000000d8479510,0x00000000d8480000)
  to   space 22016K, 0% used [0x00000000d9480000,0x00000000d9480000,0x00000000daa00000)
 ParOldGen       total 78336K, used 31636K [0x0000000081c00000, 0x0000000086880000, 0x00000000d5f00000)
  object space 78336K, 40% used [0x0000000081c00000,0x0000000083ae5240,0x0000000086880000)
 Metaspace       used 33069K, capacity 34578K, committed 34944K, reserved 1079296K
  class space    used 4301K, capacity 4620K, committed 4736K, reserved 1048576K
}

