# JRE version: Java(TM) SE Runtime Environment (8.0_261-b12) (build 1.8.0_261-b12)
# Java VM: Java HotSpot(TM) 64-Bit Server VM (25.261-b12 mixed mode windows-amd64 compressed oops)
Heap:
 PSYoungGen      total 38400K, used 19438K [0x00000000d5f00000, 0x00000000d8980000, 0x0000000100000000)
  eden space 33280K, 58% used [0x00000000d5f00000,0x00000000d71fb820,0x00000000d7f80000)
  from space 5120K, 0% used [0x00000000d7f80000,0x00000000d7f80000,0x00000000d8480000)
  to   space 5120K, 0% used [0x00000000d8480000,0x00000000d8480000,0x00000000d8980000)
 ParOldGen       total 105472K, used 34283K [0x0000000081c00000, 0x0000000088300000, 0x00000000d5f00000)
  object space 105472K, 32% used [0x0000000081c00000,0x0000000083d7ae18,0x0000000088300000)
 Metaspace       used 22304K, capacity 23552K, committed 23808K, reserved 1069056K
  class space    used 3040K, capacity 3312K, committed 3328K, reserved 1048576K
GC Heap History (8 events):
Event: 1.133 GC heap before
{Heap before GC invocations=1 (full 0):
 PSYoungGen      total 38400K, used 24810K [0x00000000d5f00000, 0x00000000d8980000, 0x0000000100000000)
  eden space 33280K, 74% used [0x00000000d5f00000,0x00000000d773ab70,0x00000000d7f80000)
  from space 5120K, 0% used [0x00000000d8480000,0x00000000d8480000,0x00000000d8980000)
  to   space 5120K, 0% used [0x00000000d7f80000,0x00000000d7f80000,0x00000000d8480000)
 ParOldGen       total 87552K, used 0K [0x0000000081c00000, 0x0000000087180000, 0x00000000d5f00000)
  object space 87552K, 0% used [0x0000000081c00000,0x0000000081c00000,0x0000000087180000)
 Metaspace       used 11575K, capacity 11932K, committed 12160K, reserved 1060864K
  class space    used 1516K, capacity 1614K, committed 1664K, reserved 1048576K
Event: 1.139 GC heap after
Heap after GC invocations=1 (full 0):
 PSYoungGen      total 38400K, used 5028K [0x00000000d5f00000, 0x00000000d8980000, 0x0000000100000000)
  eden space 33280K, 0% used [0x00000000d5f00000,0x00000000d5f00000,0x00000000d7f80000)
  from space 5120K, 98% used [0x00000000d7f80000,0x00000000d8469120,0x00000000d8480000)
  to   space 5120K, 0% used [0x00000000d8480000,0x00000000d8480000,0x00000000d8980000)
 ParOldGen       total 87552K, used 80K [0x0000000081c00000, 0x0000000087180000, 0x00000000d5f00000)
  object space 87552K, 0% used [0x0000000081c00000,0x0000000081c14010,0x0000000087180000)
 Metaspace       used 11575K, capacity 11932K, committed 12160K, reserved 1060864K
  class space    used 1516K, capacity 1614K, committed 1664K, reserved 1048576K
}
Event: 3.828 GC heap before
{Heap before GC invocations=2 (full 0):
 PSYoungGen      total 38400K, used 36896K [0x00000000d5f00000, 0x00000000d8980000, 0x0000000100000000)
  eden space 33280K, 95% used [0x00000000d5f00000,0x00000000d7e1f030,0x00000000d7f80000)
  from space 5120K, 98% used [0x00000000d7f80000,0x00000000d8469120,0x00000000d8480000)
  to   space 5120K, 0% used [0x00000000d8480000,0x00000000d8480000,0x00000000d8980000)
 ParOldGen       total 87552K, used 80K [0x0000000081c00000, 0x0000000087180000, 0x00000000d5f00000)
  object space 87552K, 0% used [0x0000000081c00000,0x0000000081c14010,0x0000000087180000)
 Metaspace       used 16949K, capacity 17686K, committed 17792K, reserved 1064960K
  class space    used 2477K, capacity 2681K, committed 2688K, reserved 1048576K
Event: 3.842 GC heap after
Heap after GC invocations=2 (full 0):
 PSYoungGen      total 38400K, used 5117K [0x00000000d5f00000, 0x00000000d8980000, 0x0000000100000000)
  eden space 33280K, 0% used [0x00000000d5f00000,0x00000000d5f00000,0x00000000d7f80000)
  from space 5120K, 99% used [0x00000000d8480000,0x00000000d897f578,0x00000000d8980000)
  to   space 5120K, 0% used [0x00000000d7f80000,0x00000000d7f80000,0x00000000d8480000)
 ParOldGen       total 87552K, used 19125K [0x0000000081c00000, 0x0000000087180000, 0x00000000d5f00000)
  object space 87552K, 21% used [0x0000000081c00000,0x0000000082ead678,0x0000000087180000)
 Metaspace       used 16949K, capacity 17686K, committed 17792K, reserved 1064960K
  class space    used 2477K, capacity 2681K, committed 2688K, reserved 1048576K
}
Event: 4.400 GC heap before
{Heap before GC invocations=3 (full 0):
 PSYoungGen      total 38400K, used 25946K [0x00000000d5f00000, 0x00000000d8980000, 0x0000000100000000)
  eden space 33280K, 62% used [0x00000000d5f00000,0x00000000d73574d0,0x00000000d7f80000)
  from space 5120K, 99% used [0x00000000d8480000,0x00000000d897f578,0x00000000d8980000)
  to   space 5120K, 0% used [0x00000000d7f80000,0x00000000d7f80000,0x00000000d8480000)
 ParOldGen       total 87552K, used 19125K [0x0000000081c00000, 0x0000000087180000, 0x00000000d5f00000)
  object space 87552K, 21% used [0x0000000081c00000,0x0000000082ead678,0x0000000087180000)
 Metaspace       used 20283K, capacity 21212K, committed 21248K, reserved 1067008K
  class space    used 2835K, capacity 3072K, committed 3072K, reserved 1048576K
Event: 4.409 GC heap after
Heap after GC invocations=3 (full 0):
 PSYoungGen      total 38400K, used 5088K [0x00000000d5f00000, 0x00000000d8980000, 0x0000000100000000)
  eden space 33280K, 0% used [0x00000000d5f00000,0x00000000d5f00000,0x00000000d7f80000)
  from space 5120K, 99% used [0x00000000d7f80000,0x00000000d8478160,0x00000000d8480000)
  to   space 5120K, 0% used [0x00000000d8480000,0x00000000d8480000,0x00000000d8980000)
 ParOldGen       total 87552K, used 31492K [0x0000000081c00000, 0x0000000087180000, 0x00000000d5f00000)
  object space 87552K, 35% used [0x0000000081c00000,0x0000000083ac1218,0x0000000087180000)
 Metaspace       used 20283K, capacity 21212K, committed 21248K, reserved 1067008K
  class space    used 2835K, capacity 3072K, committed 3072K, reserved 1048576K
}
Event: 4.410 GC heap before
{Heap before GC invocations=4 (full 1):
 PSYoungGen      total 38400K, used 5088K [0x00000000d5f00000, 0x00000000d8980000, 0x0000000100000000)
  eden space 33280K, 0% used [0x00000000d5f00000,0x00000000d5f00000,0x00000000d7f80000)
  from space 5120K, 99% used [0x00000000d7f80000,0x00000000d8478160,0x00000000d8480000)
  to   space 5120K, 0% used [0x00000000d8480000,0x00000000d8480000,0x00000000d8980000)
 ParOldGen       total 87552K, used 31492K [0x0000000081c00000, 0x0000000087180000, 0x00000000d5f00000)
  object space 87552K, 35% used [0x0000000081c00000,0x0000000083ac1218,0x0000000087180000)
 Metaspace       used 20283K, capacity 21212K, committed 21248K, reserved 1067008K
  class space    used 2835K, capacity 3072K, committed 3072K, reserved 1048576K
Event: 4.443 GC heap after
Heap after GC invocations=4 (full 1):
 PSYoungGen      total 38400K, used 0K [0x00000000d5f00000, 0x00000000d8980000, 0x0000000100000000)
  eden space 33280K, 0% used [0x00000000d5f00000,0x00000000d5f00000,0x00000000d7f80000)
  from space 5120K, 0% used [0x00000000d7f80000,0x00000000d7f80000,0x00000000d8480000)
  to   space 5120K, 0% used [0x00000000d8480000,0x00000000d8480000,0x00000000d8980000)
 ParOldGen       total 105472K, used 34283K [0x0000000081c00000, 0x0000000088300000, 0x00000000d5f00000)
  object space 105472K, 32% used [0x0000000081c00000,0x0000000083d7ae18,0x0000000088300000)
 Metaspace       used 20283K, capacity 21212K, committed 21248K, reserved 1067008K
  class space    used 2835K, capacity 3072K, committed 3072K, reserved 1048576K
}

