# JRE version: Java(TM) SE Runtime Environment (8.0_261-b12) (build 1.8.0_261-b12)
# Java VM: Java HotSpot(TM) 64-Bit Server VM (25.261-b12 mixed mode windows-amd64 compressed oops)
Heap:
 PSYoungGen      total 38400K, used 9190K [0x00000000d5f00000, 0x00000000d8980000, 0x0000000100000000)
  eden space 33280K, 15% used [0x00000000d5f00000,0x00000000d63e8910,0x00000000d7f80000)
  from space 5120K, 81% used [0x00000000d8480000,0x00000000d8891110,0x00000000d8980000)
  to   space 5120K, 0% used [0x00000000d7f80000,0x00000000d7f80000,0x00000000d8480000)
 ParOldGen       total 62976K, used 13385K [0x0000000081c00000, 0x0000000085980000, 0x00000000d5f00000)
  object space 62976K, 21% used [0x0000000081c00000,0x00000000829127f8,0x0000000085980000)
 Metaspace       used 15623K, capacity 16210K, committed 16384K, reserved 1069056K
  class space    used 2277K, capacity 2447K, committed 2560K, reserved 1048576K
GC Heap History (6 events):
Event: 0.372 GC heap before
{Heap before GC invocations=1 (full 0):
 PSYoungGen      total 38400K, used 11831K [0x00000000d5f00000, 0x00000000d8980000, 0x0000000100000000)
  eden space 33280K, 35% used [0x00000000d5f00000,0x00000000d6a8dcc8,0x00000000d7f80000)
  from space 5120K, 0% used [0x00000000d8480000,0x00000000d8480000,0x00000000d8980000)
  to   space 5120K, 0% used [0x00000000d7f80000,0x00000000d7f80000,0x00000000d8480000)
 ParOldGen       total 87552K, used 0K [0x0000000081c00000, 0x0000000087180000, 0x00000000d5f00000)
  object space 87552K, 0% used [0x0000000081c00000,0x0000000081c00000,0x0000000087180000)
 Metaspace       used 6769K, capacity 7076K, committed 7168K, reserved 1064960K
  class space    used 818K, capacity 937K, committed 1024K, reserved 1048576K
Event: 0.374 GC heap after
Heap after GC invocations=1 (full 0):
 PSYoungGen      total 38400K, used 1781K [0x00000000d5f00000, 0x00000000d8980000, 0x0000000100000000)
  eden space 33280K, 0% used [0x00000000d5f00000,0x00000000d5f00000,0x00000000d7f80000)
  from space 5120K, 34% used [0x00000000d7f80000,0x00000000d813d488,0x00000000d8480000)
  to   space 5120K, 0% used [0x00000000d8480000,0x00000000d8480000,0x00000000d8980000)
 ParOldGen       total 87552K, used 8K [0x0000000081c00000, 0x0000000087180000, 0x00000000d5f00000)
  object space 87552K, 0% used [0x0000000081c00000,0x0000000081c02000,0x0000000087180000)
 Metaspace       used 6769K, capacity 7076K, committed 7168K, reserved 1064960K
  class space    used 818K, capacity 937K, committed 1024K, reserved 1048576K
}
Event: 0.374 GC heap before
{Heap before GC invocations=2 (full 1):
 PSYoungGen      total 38400K, used 1781K [0x00000000d5f00000, 0x00000000d8980000, 0x0000000100000000)
  eden space 33280K, 0% used [0x00000000d5f00000,0x00000000d5f00000,0x00000000d7f80000)
  from space 5120K, 34% used [0x00000000d7f80000,0x00000000d813d488,0x00000000d8480000)
  to   space 5120K, 0% used [0x00000000d8480000,0x00000000d8480000,0x00000000d8980000)
 ParOldGen       total 87552K, used 8K [0x0000000081c00000, 0x0000000087180000, 0x00000000d5f00000)
  object space 87552K, 0% used [0x0000000081c00000,0x0000000081c02000,0x0000000087180000)
 Metaspace       used 6769K, capacity 7076K, committed 7168K, reserved 1064960K
  class space    used 818K, capacity 937K, committed 1024K, reserved 1048576K
Event: 0.382 GC heap after
Heap after GC invocations=2 (full 1):
 PSYoungGen      total 38400K, used 0K [0x00000000d5f00000, 0x00000000d8980000, 0x0000000100000000)
  eden space 33280K, 0% used [0x00000000d5f00000,0x00000000d5f00000,0x00000000d7f80000)
  from space 5120K, 0% used [0x00000000d7f80000,0x00000000d7f80000,0x00000000d8480000)
  to   space 5120K, 0% used [0x00000000d8480000,0x00000000d8480000,0x00000000d8980000)
 ParOldGen       total 62976K, used 1670K [0x0000000081c00000, 0x0000000085980000, 0x00000000d5f00000)
  object space 62976K, 2% used [0x0000000081c00000,0x0000000081da1bc0,0x0000000085980000)
 Metaspace       used 6769K, capacity 7076K, committed 7168K, reserved 1062912K
  class space    used 818K, capacity 937K, committed 1024K, reserved 1048576K
}
Event: 1.042 GC heap before
{Heap before GC invocations=3 (full 1):
 PSYoungGen      total 38400K, used 33280K [0x00000000d5f00000, 0x00000000d8980000, 0x0000000100000000)
  eden space 33280K, 100% used [0x00000000d5f00000,0x00000000d7f80000,0x00000000d7f80000)
  from space 5120K, 0% used [0x00000000d7f80000,0x00000000d7f80000,0x00000000d8480000)
  to   space 5120K, 0% used [0x00000000d8480000,0x00000000d8480000,0x00000000d8980000)
 ParOldGen       total 62976K, used 1670K [0x0000000081c00000, 0x0000000085980000, 0x00000000d5f00000)
  object space 62976K, 2% used [0x0000000081c00000,0x0000000081da1bc0,0x0000000085980000)
 Metaspace       used 14666K, capacity 15130K, committed 15360K, reserved 1069056K
  class space    used 2109K, capacity 2245K, committed 2304K, reserved 1048576K
Event: 1.052 GC heap after
Heap after GC invocations=3 (full 1):
 PSYoungGen      total 38400K, used 4164K [0x00000000d5f00000, 0x00000000d8980000, 0x0000000100000000)
  eden space 33280K, 0% used [0x00000000d5f00000,0x00000000d5f00000,0x00000000d7f80000)
  from space 5120K, 81% used [0x00000000d8480000,0x00000000d8891110,0x00000000d8980000)
  to   space 5120K, 0% used [0x00000000d7f80000,0x00000000d7f80000,0x00000000d8480000)
 ParOldGen       total 62976K, used 13385K [0x0000000081c00000, 0x0000000085980000, 0x00000000d5f00000)
  object space 62976K, 21% used [0x0000000081c00000,0x00000000829127f8,0x0000000085980000)
 Metaspace       used 14666K, capacity 15130K, committed 15360K, reserved 1069056K
  class space    used 2109K, capacity 2245K, committed 2304K, reserved 1048576K
}

