# JRE version: Java(TM) SE Runtime Environment (8.0_261-b12) (build 1.8.0_261-b12)
# Java VM: Java HotSpot(TM) 64-Bit Server VM (25.261-b12 mixed mode windows-amd64 compressed oops)
Heap:
 PSYoungGen      total 38400K, used 33917K [0x00000000d5f00000, 0x00000000d9280000, 0x0000000100000000)
  eden space 33280K, 86% used [0x00000000d5f00000,0x00000000d7b21128,0x00000000d7f80000)
  from space 5120K, 99% used [0x00000000d8480000,0x00000000d897e598,0x00000000d8980000)
  to   space 5120K, 0% used [0x00000000d7f80000,0x00000000d7f80000,0x00000000d8480000)
 ParOldGen       total 107008K, used 36777K [0x0000000081c00000, 0x0000000088480000, 0x00000000d5f00000)
  object space 107008K, 34% used [0x0000000081c00000,0x0000000083fea740,0x0000000088480000)
 Metaspace       used 25232K, capacity 26936K, committed 27056K, reserved 1073152K
  class space    used 3374K, capacity 3724K, committed 3760K, reserved 1048576K
GC Heap History (10 events):
Event: 0.778 GC heap before
{Heap before GC invocations=1 (full 0):
 PSYoungGen      total 38400K, used 25490K [0x00000000d5f00000, 0x00000000d8980000, 0x0000000100000000)
  eden space 33280K, 76% used [0x00000000d5f00000,0x00000000d77e4938,0x00000000d7f80000)
  from space 5120K, 0% used [0x00000000d8480000,0x00000000d8480000,0x00000000d8980000)
  to   space 5120K, 0% used [0x00000000d7f80000,0x00000000d7f80000,0x00000000d8480000)
 ParOldGen       total 87552K, used 0K [0x0000000081c00000, 0x0000000087180000, 0x00000000d5f00000)
  object space 87552K, 0% used [0x0000000081c00000,0x0000000081c00000,0x0000000087180000)
 Metaspace       used 11571K, capacity 11932K, committed 12160K, reserved 1060864K
  class space    used 1516K, capacity 1614K, committed 1664K, reserved 1048576K
Event: 0.783 GC heap after
Heap after GC invocations=1 (full 0):
 PSYoungGen      total 38400K, used 5100K [0x00000000d5f00000, 0x00000000d8980000, 0x0000000100000000)
  eden space 33280K, 0% used [0x00000000d5f00000,0x00000000d5f00000,0x00000000d7f80000)
  from space 5120K, 99% used [0x00000000d7f80000,0x00000000d847b3d0,0x00000000d8480000)
  to   space 5120K, 0% used [0x00000000d8480000,0x00000000d8480000,0x00000000d8980000)
 ParOldGen       total 87552K, used 285K [0x0000000081c00000, 0x0000000087180000, 0x00000000d5f00000)
  object space 87552K, 0% used [0x0000000081c00000,0x0000000081c47788,0x0000000087180000)
 Metaspace       used 11571K, capacity 11932K, committed 12160K, reserved 1060864K
  class space    used 1516K, capacity 1614K, committed 1664K, reserved 1048576K
}
Event: 3.154 GC heap before
{Heap before GC invocations=2 (full 0):
 PSYoungGen      total 38400K, used 35511K [0x00000000d5f00000, 0x00000000d8980000, 0x0000000100000000)
  eden space 33280K, 91% used [0x00000000d5f00000,0x00000000d7cb2930,0x00000000d7f80000)
  from space 5120K, 99% used [0x00000000d7f80000,0x00000000d847b3d0,0x00000000d8480000)
  to   space 5120K, 0% used [0x00000000d8480000,0x00000000d8480000,0x00000000d8980000)
 ParOldGen       total 87552K, used 285K [0x0000000081c00000, 0x0000000087180000, 0x00000000d5f00000)
  object space 87552K, 0% used [0x0000000081c00000,0x0000000081c47788,0x0000000087180000)
 Metaspace       used 16503K, capacity 17170K, committed 17536K, reserved 1064960K
  class space    used 2400K, capacity 2593K, committed 2688K, reserved 1048576K
Event: 3.164 GC heap after
Heap after GC invocations=2 (full 0):
 PSYoungGen      total 38400K, used 5116K [0x00000000d5f00000, 0x00000000d8980000, 0x0000000100000000)
  eden space 33280K, 0% used [0x00000000d5f00000,0x00000000d5f00000,0x00000000d7f80000)
  from space 5120K, 99% used [0x00000000d8480000,0x00000000d897f028,0x00000000d8980000)
  to   space 5120K, 0% used [0x00000000d7f80000,0x00000000d7f80000,0x00000000d8480000)
 ParOldGen       total 87552K, used 17408K [0x0000000081c00000, 0x0000000087180000, 0x00000000d5f00000)
  object space 87552K, 19% used [0x0000000081c00000,0x0000000082d00368,0x0000000087180000)
 Metaspace       used 16503K, capacity 17170K, committed 17536K, reserved 1064960K
  class space    used 2400K, capacity 2593K, committed 2688K, reserved 1048576K
}
Event: 3.864 GC heap before
{Heap before GC invocations=3 (full 0):
 PSYoungGen      total 38400K, used 26767K [0x00000000d5f00000, 0x00000000d8980000, 0x0000000100000000)
  eden space 33280K, 65% used [0x00000000d5f00000,0x00000000d7424dc8,0x00000000d7f80000)
  from space 5120K, 99% used [0x00000000d8480000,0x00000000d897f028,0x00000000d8980000)
  to   space 5120K, 0% used [0x00000000d7f80000,0x00000000d7f80000,0x00000000d8480000)
 ParOldGen       total 87552K, used 17408K [0x0000000081c00000, 0x0000000087180000, 0x00000000d5f00000)
  object space 87552K, 19% used [0x0000000081c00000,0x0000000082d00368,0x0000000087180000)
 Metaspace       used 20341K, capacity 21250K, committed 21296K, reserved 1067008K
  class space    used 2833K, capacity 3079K, committed 3120K, reserved 1048576K
Event: 3.877 GC heap after
Heap after GC invocations=3 (full 0):
 PSYoungGen      total 38400K, used 5089K [0x00000000d5f00000, 0x00000000d8980000, 0x0000000100000000)
  eden space 33280K, 0% used [0x00000000d5f00000,0x00000000d5f00000,0x00000000d7f80000)
  from space 5120K, 99% used [0x00000000d7f80000,0x00000000d8478750,0x00000000d8480000)
  to   space 5120K, 0% used [0x00000000d8480000,0x00000000d8480000,0x00000000d8980000)
 ParOldGen       total 87552K, used 27213K [0x0000000081c00000, 0x0000000087180000, 0x00000000d5f00000)
  object space 87552K, 31% used [0x0000000081c00000,0x0000000083693488,0x0000000087180000)
 Metaspace       used 20341K, capacity 21250K, committed 21296K, reserved 1067008K
  class space    used 2833K, capacity 3079K, committed 3120K, reserved 1048576K
}
Event: 3.877 GC heap before
{Heap before GC invocations=4 (full 1):
 PSYoungGen      total 38400K, used 5089K [0x00000000d5f00000, 0x00000000d8980000, 0x0000000100000000)
  eden space 33280K, 0% used [0x00000000d5f00000,0x00000000d5f00000,0x00000000d7f80000)
  from space 5120K, 99% used [0x00000000d7f80000,0x00000000d8478750,0x00000000d8480000)
  to   space 5120K, 0% used [0x00000000d8480000,0x00000000d8480000,0x00000000d8980000)
 ParOldGen       total 87552K, used 27213K [0x0000000081c00000, 0x0000000087180000, 0x00000000d5f00000)
  object space 87552K, 31% used [0x0000000081c00000,0x0000000083693488,0x0000000087180000)
 Metaspace       used 20341K, capacity 21250K, committed 21296K, reserved 1067008K
  class space    used 2833K, capacity 3079K, committed 3120K, reserved 1048576K
Event: 3.957 GC heap after
Heap after GC invocations=4 (full 1):
 PSYoungGen      total 38400K, used 0K [0x00000000d5f00000, 0x00000000d8980000, 0x0000000100000000)
  eden space 33280K, 0% used [0x00000000d5f00000,0x00000000d5f00000,0x00000000d7f80000)
  from space 5120K, 0% used [0x00000000d7f80000,0x00000000d7f80000,0x00000000d8480000)
  to   space 5120K, 0% used [0x00000000d8480000,0x00000000d8480000,0x00000000d8980000)
 ParOldGen       total 107008K, used 31931K [0x0000000081c00000, 0x0000000088480000, 0x00000000d5f00000)
  object space 107008K, 29% used [0x0000000081c00000,0x0000000083b2ec48,0x0000000088480000)
 Metaspace       used 20341K, capacity 21250K, committed 21296K, reserved 1067008K
  class space    used 2833K, capacity 3079K, committed 3120K, reserved 1048576K
}
Event: 11.312 GC heap before
{Heap before GC invocations=5 (full 1):
 PSYoungGen      total 38400K, used 33280K [0x00000000d5f00000, 0x00000000d8980000, 0x0000000100000000)
  eden space 33280K, 100% used [0x00000000d5f00000,0x00000000d7f80000,0x00000000d7f80000)
  from space 5120K, 0% used [0x00000000d7f80000,0x00000000d7f80000,0x00000000d8480000)
  to   space 5120K, 0% used [0x00000000d8480000,0x00000000d8480000,0x00000000d8980000)
 ParOldGen       total 107008K, used 31931K [0x0000000081c00000, 0x0000000088480000, 0x00000000d5f00000)
  object space 107008K, 29% used [0x0000000081c00000,0x0000000083b2ec48,0x0000000088480000)
 Metaspace       used 23915K, capacity 25376K, committed 25648K, reserved 1071104K
  class space    used 3221K, capacity 3528K, committed 3632K, reserved 1048576K
Event: 11.320 GC heap after
Heap after GC invocations=5 (full 1):
 PSYoungGen      total 38400K, used 5113K [0x00000000d5f00000, 0x00000000d9280000, 0x0000000100000000)
  eden space 33280K, 0% used [0x00000000d5f00000,0x00000000d5f00000,0x00000000d7f80000)
  from space 5120K, 99% used [0x00000000d8480000,0x00000000d897e598,0x00000000d8980000)
  to   space 5120K, 0% used [0x00000000d7f80000,0x00000000d7f80000,0x00000000d8480000)
 ParOldGen       total 107008K, used 36777K [0x0000000081c00000, 0x0000000088480000, 0x00000000d5f00000)
  object space 107008K, 34% used [0x0000000081c00000,0x0000000083fea740,0x0000000088480000)
 Metaspace       used 23915K, capacity 25376K, committed 25648K, reserved 1071104K
  class space    used 3221K, capacity 3528K, committed 3632K, reserved 1048576K
}

