# JRE version: Java(TM) SE Runtime Environment (8.0_261-b12) (build 1.8.0_261-b12)
# Java VM: Java HotSpot(TM) 64-Bit Server VM (25.261-b12 mixed mode windows-amd64 compressed oops)
Heap:
 PSYoungGen      total 38400K, used 8709K [0x00000000d5f00000, 0x00000000d8980000, 0x0000000100000000)
  eden space 33280K, 26% used [0x00000000d5f00000,0x00000000d6781770,0x00000000d7f80000)
  from space 5120K, 0% used [0x00000000d8480000,0x00000000d8480000,0x00000000d8980000)
  to   space 5120K, 0% used [0x00000000d7f80000,0x00000000d7f80000,0x00000000d8480000)
 ParOldGen       total 51712K, used 44868K [0x0000000081c00000, 0x0000000084e80000, 0x00000000d5f00000)
  object space 51712K, 86% used [0x0000000081c00000,0x00000000847d1098,0x0000000084e80000)
 Metaspace       used 35963K, capacity 37354K, committed 37632K, reserved 1081344K
  class space    used 4781K, capacity 5078K, committed 5120K, reserved 1048576K
GC Heap History (10 events):
Event: 40.263 GC heap before
{Heap before GC invocations=3 (full 1):
 PSYoungGen      total 38400K, used 5096K [0x00000000d5f00000, 0x00000000d8980000, 0x0000000100000000)
  eden space 33280K, 0% used [0x00000000d5f00000,0x00000000d5f00000,0x00000000d7f80000)
  from space 5120K, 99% used [0x00000000d8480000,0x00000000d897a3a0,0x00000000d8980000)
  to   space 5120K, 0% used [0x00000000d7f80000,0x00000000d7f80000,0x00000000d8480000)
 ParOldGen       total 87552K, used 7306K [0x0000000081c00000, 0x0000000087180000, 0x00000000d5f00000)
  object space 87552K, 8% used [0x0000000081c00000,0x0000000082322a48,0x0000000087180000)
 Metaspace       used 20535K, capacity 21202K, committed 21296K, reserved 1067008K
  class space    used 2738K, capacity 2940K, committed 2944K, reserved 1048576K
Event: 40.312 GC heap after
Heap after GC invocations=3 (full 1):
 PSYoungGen      total 38400K, used 0K [0x00000000d5f00000, 0x00000000d8980000, 0x0000000100000000)
  eden space 33280K, 0% used [0x00000000d5f00000,0x00000000d5f00000,0x00000000d7f80000)
  from space 5120K, 0% used [0x00000000d8480000,0x00000000d8480000,0x00000000d8980000)
  to   space 5120K, 0% used [0x00000000d7f80000,0x00000000d7f80000,0x00000000d8480000)
 ParOldGen       total 51712K, used 12259K [0x0000000081c00000, 0x0000000084e80000, 0x00000000d5f00000)
  object space 51712K, 23% used [0x0000000081c00000,0x00000000827f8c20,0x0000000084e80000)
 Metaspace       used 20535K, capacity 21202K, committed 21296K, reserved 1067008K
  class space    used 2738K, capacity 2940K, committed 2944K, reserved 1048576K
}
Event: 44.556 GC heap before
{Heap before GC invocations=4 (full 1):
 PSYoungGen      total 38400K, used 33280K [0x00000000d5f00000, 0x00000000d8980000, 0x0000000100000000)
  eden space 33280K, 100% used [0x00000000d5f00000,0x00000000d7f80000,0x00000000d7f80000)
  from space 5120K, 0% used [0x00000000d8480000,0x00000000d8480000,0x00000000d8980000)
  to   space 5120K, 0% used [0x00000000d7f80000,0x00000000d7f80000,0x00000000d8480000)
 ParOldGen       total 51712K, used 12259K [0x0000000081c00000, 0x0000000084e80000, 0x00000000d5f00000)
  object space 51712K, 23% used [0x0000000081c00000,0x00000000827f8c20,0x0000000084e80000)
 Metaspace       used 25450K, capacity 26368K, committed 26496K, reserved 1073152K
  class space    used 3450K, capacity 3693K, committed 3712K, reserved 1048576K
Event: 44.567 GC heap after
Heap after GC invocations=4 (full 1):
 PSYoungGen      total 38400K, used 5105K [0x00000000d5f00000, 0x00000000d8980000, 0x0000000100000000)
  eden space 33280K, 0% used [0x00000000d5f00000,0x00000000d5f00000,0x00000000d7f80000)
  from space 5120K, 99% used [0x00000000d7f80000,0x00000000d847c450,0x00000000d8480000)
  to   space 5120K, 0% used [0x00000000d8480000,0x00000000d8480000,0x00000000d8980000)
 ParOldGen       total 51712K, used 30250K [0x0000000081c00000, 0x0000000084e80000, 0x00000000d5f00000)
  object space 51712K, 58% used [0x0000000081c00000,0x000000008398a910,0x0000000084e80000)
 Metaspace       used 25450K, capacity 26368K, committed 26496K, reserved 1073152K
  class space    used 3450K, capacity 3693K, committed 3712K, reserved 1048576K
}
Event: 46.722 GC heap before
{Heap before GC invocations=5 (full 1):
 PSYoungGen      total 38400K, used 38385K [0x00000000d5f00000, 0x00000000d8980000, 0x0000000100000000)
  eden space 33280K, 100% used [0x00000000d5f00000,0x00000000d7f80000,0x00000000d7f80000)
  from space 5120K, 99% used [0x00000000d7f80000,0x00000000d847c450,0x00000000d8480000)
  to   space 5120K, 0% used [0x00000000d8480000,0x00000000d8480000,0x00000000d8980000)
 ParOldGen       total 51712K, used 30250K [0x0000000081c00000, 0x0000000084e80000, 0x00000000d5f00000)
  object space 51712K, 58% used [0x0000000081c00000,0x000000008398a910,0x0000000084e80000)
 Metaspace       used 27543K, capacity 28828K, committed 29056K, reserved 1075200K
  class space    used 3691K, capacity 3953K, committed 3968K, reserved 1048576K
Event: 46.747 GC heap after
Heap after GC invocations=5 (full 1):
 PSYoungGen      total 38400K, used 5092K [0x00000000d5f00000, 0x00000000d8980000, 0x0000000100000000)
  eden space 33280K, 0% used [0x00000000d5f00000,0x00000000d5f00000,0x00000000d7f80000)
  from space 5120K, 99% used [0x00000000d8480000,0x00000000d8979360,0x00000000d8980000)
  to   space 5120K, 0% used [0x00000000d7f80000,0x00000000d7f80000,0x00000000d8480000)
 ParOldGen       total 51712K, used 39716K [0x0000000081c00000, 0x0000000084e80000, 0x00000000d5f00000)
  object space 51712K, 76% used [0x0000000081c00000,0x00000000842c9000,0x0000000084e80000)
 Metaspace       used 27543K, capacity 28828K, committed 29056K, reserved 1075200K
  class space    used 3691K, capacity 3953K, committed 3968K, reserved 1048576K
}
Event: 46.747 GC heap before
{Heap before GC invocations=6 (full 2):
 PSYoungGen      total 38400K, used 5092K [0x00000000d5f00000, 0x00000000d8980000, 0x0000000100000000)
  eden space 33280K, 0% used [0x00000000d5f00000,0x00000000d5f00000,0x00000000d7f80000)
  from space 5120K, 99% used [0x00000000d8480000,0x00000000d8979360,0x00000000d8980000)
  to   space 5120K, 0% used [0x00000000d7f80000,0x00000000d7f80000,0x00000000d8480000)
 ParOldGen       total 51712K, used 39716K [0x0000000081c00000, 0x0000000084e80000, 0x00000000d5f00000)
  object space 51712K, 76% used [0x0000000081c00000,0x00000000842c9000,0x0000000084e80000)
 Metaspace       used 27543K, capacity 28828K, committed 29056K, reserved 1075200K
  class space    used 3691K, capacity 3953K, committed 3968K, reserved 1048576K
Event: 46.893 GC heap after
Heap after GC invocations=6 (full 2):
 PSYoungGen      total 38400K, used 0K [0x00000000d5f00000, 0x00000000d8980000, 0x0000000100000000)
  eden space 33280K, 0% used [0x00000000d5f00000,0x00000000d5f00000,0x00000000d7f80000)
  from space 5120K, 0% used [0x00000000d8480000,0x00000000d8480000,0x00000000d8980000)
  to   space 5120K, 0% used [0x00000000d7f80000,0x00000000d7f80000,0x00000000d8480000)
 ParOldGen       total 51712K, used 43092K [0x0000000081c00000, 0x0000000084e80000, 0x00000000d5f00000)
  object space 51712K, 83% used [0x0000000081c00000,0x00000000846151f8,0x0000000084e80000)
 Metaspace       used 27543K, capacity 28828K, committed 29056K, reserved 1075200K
  class space    used 3691K, capacity 3953K, committed 3968K, reserved 1048576K
}
Event: 61.209 GC heap before
{Heap before GC invocations=7 (full 3):
 PSYoungGen      total 38400K, used 33280K [0x00000000d5f00000, 0x00000000d8980000, 0x0000000100000000)
  eden space 33280K, 100% used [0x00000000d5f00000,0x00000000d7f80000,0x00000000d7f80000)
  from space 5120K, 0% used [0x00000000d8480000,0x00000000d8480000,0x00000000d8980000)
  to   space 5120K, 0% used [0x00000000d7f80000,0x00000000d7f80000,0x00000000d8480000)
 ParOldGen       total 51712K, used 43092K [0x0000000081c00000, 0x0000000084e80000, 0x00000000d5f00000)
  object space 51712K, 83% used [0x0000000081c00000,0x00000000846151f8,0x0000000084e80000)
 Metaspace       used 34643K, capacity 36022K, committed 36480K, reserved 1081344K
  class space    used 4557K, capacity 4866K, committed 4992K, reserved 1048576K
Event: 61.340 GC heap after
Heap after GC invocations=7 (full 3):
 PSYoungGen      total 38400K, used 0K [0x00000000d5f00000, 0x00000000d8980000, 0x0000000100000000)
  eden space 33280K, 0% used [0x00000000d5f00000,0x00000000d5f00000,0x00000000d7f80000)
  from space 5120K, 0% used [0x00000000d8480000,0x00000000d8480000,0x00000000d8980000)
  to   space 5120K, 0% used [0x00000000d7f80000,0x00000000d7f80000,0x00000000d8480000)
 ParOldGen       total 51712K, used 44868K [0x0000000081c00000, 0x0000000084e80000, 0x00000000d5f00000)
  object space 51712K, 86% used [0x0000000081c00000,0x00000000847d1098,0x0000000084e80000)
 Metaspace       used 34643K, capacity 36022K, committed 36480K, reserved 1081344K
  class space    used 4557K, capacity 4866K, committed 4992K, reserved 1048576K
}

